<?xml version="1.0" encoding="UTF-8"?>
<!-- Generated by org.testng.reporters.JUnitReportReporter -->
<testsuite hostname="Gayathri" failures="0" tests="36" name="com.runner.RunnerClass" time="1268.653" errors="2" timestamp="2025-04-14T17:46:43 IST" skipped="0">
  <testcase classname="com.runner.RunnerClass" name="runScenario" time="15.035"/>
  <testcase classname="com.runner.RunnerClass" name="runScenario" time="33.252"/>
  <testcase classname="com.runner.RunnerClass" name="runScenario" time="17.549"/>
  <testcase classname="com.runner.RunnerClass" name="runScenario" time="25.239"/>
  <testcase classname="com.runner.RunnerClass" name="runScenario" time="22.689"/>
  <testcase classname="com.runner.RunnerClass" name="runScenario" time="72.735"/>
  <testcase classname="com.runner.RunnerClass" name="runScenario" time="14.861"/>
  <testcase classname="com.runner.RunnerClass" name="runScenario" time="73.300"/>
  <testcase classname="com.runner.RunnerClass" name="runScenario" time="16.327"/>
  <testcase classname="com.runner.RunnerClass" name="runScenario" time="19.524"/>
  <testcase classname="com.runner.RunnerClass" name="runScenario" time="32.348">
    <error message="Keys to send should be a not null CharSequence" type="java.lang.IllegalArgumentException">
      <![CDATA[java.lang.IllegalArgumentException: Keys to send should be a not null CharSequence
at org.openqa.selenium.remote.RemoteWebElement.sendKeys(RemoteWebElement.java:96)
at java.base/jdk.internal.reflect.DirectMethodHandleAccessor.invoke(DirectMethodHandleAccessor.java:103)
at java.base/java.lang.reflect.Method.invoke(Method.java:580)
at org.openqa.selenium.support.pagefactory.internal.LocatingElementHandler.invoke(LocatingElementHandler.java:51)
at jdk.proxy2/jdk.proxy2.$Proxy26.sendKeys(Unknown Source)
at com.actions.PatientActions.AppointmentDetails(PatientActions.java:155)
at com.definitions.PatientDefinition.the_user_can_fill_the_appointment_form(PatientDefinition.java:120)
at ✽.the User can fill the appointment form(file:///C:/Users/gayat/git/Smart_Hospital_Cucumber/SmartHospitals_Cucumber/src/test/resources/Features/PatientAppointment.feature:12)
]]>
    </error>
  </testcase> <!-- runScenario -->
  <testcase classname="com.runner.RunnerClass" name="runScenario" time="30.065"/>
  <testcase classname="com.runner.RunnerClass" name="runScenario" time="25.222"/>
  <testcase classname="com.runner.RunnerClass" name="runScenario" time="53.241"/>
  <testcase classname="com.runner.RunnerClass" name="runScenario" time="40.387"/>
  <testcase classname="com.runner.RunnerClass" name="runScenario" time="50.346"/>
  <testcase classname="com.runner.RunnerClass" name="runScenario" time="63.322"/>
  <testcase classname="com.runner.RunnerClass" name="runScenario" time="50.054"/>
  <testcase classname="com.runner.RunnerClass" name="runScenario" time="34.091"/>
  <testcase classname="com.runner.RunnerClass" name="runScenario" time="32.824"/>
  <testcase classname="com.runner.RunnerClass" name="runScenario" time="22.742"/>
  <testcase classname="com.runner.RunnerClass" name="runScenario" time="51.784"/>
  <testcase classname="com.runner.RunnerClass" name="runScenario" time="26.645"/>
  <testcase classname="com.runner.RunnerClass" name="runScenario" time="23.109"/>
  <testcase classname="com.runner.RunnerClass" name="runScenario" time="40.398"/>
  <testcase classname="com.runner.RunnerClass" name="runScenario" time="16.407"/>
  <testcase classname="com.runner.RunnerClass" name="runScenario" time="12.094"/>
  <testcase classname="com.runner.RunnerClass" name="runScenario" time="76.000"/>
  <testcase classname="com.runner.RunnerClass" name="runScenario" time="59.443"/>
  <testcase classname="com.runner.RunnerClass" name="runScenario" time="18.485"/>
  <testcase classname="com.runner.RunnerClass" name="runScenario" time="18.265"/>
  <testcase classname="com.runner.RunnerClass" name="runScenario" time="64.911"/>
  <testcase classname="com.runner.RunnerClass" name="runScenario" time="32.958"/>
  <testcase classname="com.runner.RunnerClass" name="runScenario" time="39.922">
    <error message="Expected condition failed: waiting for alert to be present (tried for 10 second(s) with 500 milliseconds interval)
Build info: version: &#039;4.30.0&#039;, revision: &#039;509c7f17cc*&#039;
System info: os.name: &#039;Windows 11&#039;, os.arch: &#039;amd64&#039;, os.version: &#039;10.0&#039;, java.version: &#039;21.0.6&#039;
Driver info: org.openqa.selenium.chrome.ChromeDriver
Capabilities {acceptInsecureCerts: false, browserName: chrome, browserVersion: 135.0.7049.85, chrome: {chromedriverVersion: 135.0.7049.84 (6c019e560019..., userDataDir: C:\Users\gayat\AppData\Loca...}, fedcm:accounts: true, goog:chromeOptions: {debuggerAddress: localhost:63844}, networkConnectionEnabled: false, pageLoadStrategy: normal, platformName: windows, proxy: Proxy(), se:cdp: ws://localhost:63844/devtoo..., se:cdpVersion: 135.0.7049.85, setWindowRect: true, strictFileInteractability: false, timeouts: {implicit: 0, pageLoad: 300000, script: 30000}, unhandledPromptBehavior: dismiss and notify, webauthn:extension:credBlob: true, webauthn:extension:largeBlob: true, webauthn:extension:minPinLength: true, webauthn:extension:prf: true, webauthn:virtualAuthenticators: true}
Session ID: 5bd41c2d219717a6d5eafa77a060b412" type="org.openqa.selenium.TimeoutException">
      <![CDATA[org.openqa.selenium.TimeoutException: Expected condition failed: waiting for alert to be present (tried for 10 second(s) with 500 milliseconds interval)
Build info: version: '4.30.0', revision: '509c7f17cc*'
System info: os.name: 'Windows 11', os.arch: 'amd64', os.version: '10.0', java.version: '21.0.6'
Driver info: org.openqa.selenium.chrome.ChromeDriver
Capabilities {acceptInsecureCerts: false, browserName: chrome, browserVersion: 135.0.7049.85, chrome: {chromedriverVersion: 135.0.7049.84 (6c019e560019..., userDataDir: C:\Users\gayat\AppData\Loca...}, fedcm:accounts: true, goog:chromeOptions: {debuggerAddress: localhost:63844}, networkConnectionEnabled: false, pageLoadStrategy: normal, platformName: windows, proxy: Proxy(), se:cdp: ws://localhost:63844/devtoo..., se:cdpVersion: 135.0.7049.85, setWindowRect: true, strictFileInteractability: false, timeouts: {implicit: 0, pageLoad: 300000, script: 30000}, unhandledPromptBehavior: dismiss and notify, webauthn:extension:credBlob: true, webauthn:extension:largeBlob: true, webauthn:extension:minPinLength: true, webauthn:extension:prf: true, webauthn:virtualAuthenticators: true}
Session ID: 5bd41c2d219717a6d5eafa77a060b412
at org.openqa.selenium.support.ui.WebDriverWait.timeoutException(WebDriverWait.java:84)
at org.openqa.selenium.support.ui.FluentWait.until(FluentWait.java:228)
at com.definitions.PatientDefinition.the_user_can_fill_the_appointment(PatientDefinition.java:104)
at ✽.the User can fill the appointment(file:///C:/Users/gayat/git/Smart_Hospital_Cucumber/SmartHospitals_Cucumber/src/test/resources/Features/PatientAppointment.feature:17)
]]>
    </error>
  </testcase> <!-- runScenario -->
  <testcase classname="com.runner.RunnerClass" name="runScenario" time="17.716"/>
  <testcase classname="com.runner.RunnerClass" name="runScenario" time="25.363"/>
</testsuite> <!-- com.runner.RunnerClass -->
