<html>
<head>
<title>TestNG:  Login Tests</title>
<link href="../testng.css" rel="stylesheet" type="text/css" />
<link href="../my-testng.css" rel="stylesheet" type="text/css" />

<style type="text/css">
.log { display: none;} 
.stack-trace { display: none;} 
</style>
<script type="text/javascript">
<!--
function flip(e) {
  current = e.style.display;
  if (current == 'block') {
    e.style.display = 'none';
    return 0;
  }
  else {
    e.style.display = 'block';
    return 1;
  }
}

function toggleBox(szDivId, elem, msg1, msg2)
{
  var res = -1;  if (document.getElementById) {
    res = flip(document.getElementById(szDivId));
  }
  else if (document.all) {
    // this is the way old msie versions work
    res = flip(document.all[szDivId]);
  }
  if(elem) {
    if(res == 0) elem.innerHTML = msg1; else elem.innerHTML = msg2;
  }

}

function toggleAllBoxes() {
  if (document.getElementsByTagName) {
    d = document.getElementsByTagName('div');
    for (i = 0; i < d.length; i++) {
      if (d[i].className == 'log') {
        flip(d[i]);
      }
    }
  }
}

// -->
</script>

</head>
<body>
<h2 align='center'>Login Tests</h2><table border='1' align="center">
<tr>
<td>Tests passed/Failed/Skipped:</td><td>19/3/0</td>
</tr><tr>
<td>Started on:</td><td>Fri Apr 11 15:40:10 IST 2025</td>
</tr>
<tr><td>Total time:</td><td>128 seconds (128768 ms)</td>
</tr><tr>
<td>Included groups:</td><td></td>
</tr><tr>
<td>Excluded groups:</td><td></td>
</tr>
</table><p/>
<small><i>(Hover the method name to see the test class name)</i></small><p/>
<table width='100%' border='1' class='invocation-failed'>
<tr><td colspan='4' align='center'><b>FAILED TESTS</b></td></tr>
<tr><td><b>Test method</b></td>
<td><b>Attribute(s)</b></td>
<td width="30%"><b>Exception</b></td>
<td width="10%"><b>Time (seconds)</b></td>
<td><b>Instance</b></td>
</tr>
<tr>
<td title='com.runner.RunnerClass.runScenario()'><b>runScenario</b><br>Test class: com.runner.RunnerClass<br>Test method: Runs Cucumber Scenarios<br>Parameters: "Doctor creates a new appointment for a new patient", "Manage Appointments in Smart Hospital"</td>
<td><div><pre>org.openqa.selenium.NoSuchElementException: no such element: Unable to locate element: {&quot;method&quot;:&quot;xpath&quot;,&quot;selector&quot;:&quot;//div[@class=&quot;btn-group bootstrap-select language&quot;]&quot;}
  (Session info: chrome=135.0.7049.85)
For documentation on this error, please visit: https://www.selenium.dev/documentation/webdriver/troubleshooting/errors#no-such-element-exception
Build info: version: &apos;4.30.0&apos;, revision: &apos;509c7f17cc*&apos;
System info: os.name: &apos;Windows 11&apos;, os.arch: &apos;amd64&apos;, os.version: &apos;10.0&apos;, java.version: &apos;21.0.6&apos;
Driver info: org.openqa.selenium.chrome.ChromeDriver
Command: [0b311869ef47bf712104093c8e59cead, findElement {value=//div[@class=&quot;btn-group bootstrap-select language&quot;], using=xpath}]
Capabilities {acceptInsecureCerts: false, browserName: chrome, browserVersion: 135.0.7049.85, chrome: {chromedriverVersion: 135.0.7049.84 (6c019e560019..., userDataDir: C:\Users\GOWRIS~1\AppData\L...}, fedcm:accounts: true, goog:chromeOptions: {debuggerAddress: localhost:53221}, networkConnectionEnabled: false, pageLoadStrategy: normal, platformName: windows, proxy: Proxy(), se:cdp: ws://localhost:53221/devtoo..., se:cdpVersion: 135.0.7049.85, setWindowRect: true, strictFileInteractability: false, timeouts: {implicit: 0, pageLoad: 300000, script: 30000}, unhandledPromptBehavior: dismiss and notify, webauthn:extension:credBlob: true, webauthn:extension:largeBlob: true, webauthn:extension:minPinLength: true, webauthn:extension:prf: true, webauthn:virtualAuthenticators: true}
Session ID: 0b311869ef47bf712104093c8e59cead
	at org.openqa.selenium.remote.ErrorCodec.decode(ErrorCodec.java:167)
	at org.openqa.selenium.remote.codec.w3c.W3CHttpResponseCodec.decode(W3CHttpResponseCodec.java:138)
	at org.openqa.selenium.remote.codec.w3c.W3CHttpResponseCodec.decode(W3CHttpResponseCodec.java:50)
	at org.openqa.selenium.remote.HttpCommandExecutor.execute(HttpCommandExecutor.java:215)
	at org.openqa.selenium.remote.service.DriverCommandExecutor.invokeExecute(DriverCommandExecutor.java:216)
	at org.openqa.selenium.remote.service.DriverCommandExecutor.execute(DriverCommandExecutor.java:174)
	at org.openqa.selenium.remote.RemoteWebDriver.execute(RemoteWebDriver.java:545)
	at org.openqa.selenium.remote.ElementLocation$ElementFinder$2.findElement(ElementLocation.java:165)
	at org.openqa.selenium.remote.ElementLocation.findElement(ElementLocation.java:59)
	at org.openqa.selenium.remote.RemoteWebDriver.findElement(RemoteWebDriver.java:368)
	at org.openqa.selenium.remote.RemoteWebDriver.findElement(RemoteWebDriver.java:362)
	at org.openqa.selenium.support.pagefactory.DefaultElementLocator.findElement(DefaultElementLocator.java:68)
	at org.openqa.selenium.support.pagefactory.internal.LocatingElementHandler.invoke(LocatingElementHandler.java:38)
	at jdk.proxy2/jdk.proxy2.$Proxy40.click(Unknown Source)
	at com.actions.DoctorActions.english(DoctorActions.java:22)
	at com.definitions.DoctorDefinition.doctor_is_logged_in_to_the_smart_hospital_system(DoctorDefinition.java:16)
	at ✽.Doctor is logged in to the Smart Hospital system(file:///C:/Users/GOWRISANKAR/git/Smart_Hospital_Cucumber/SmartHospitals_Cucumber/src/test/resources/Features/DoctorFeature.feature:3)
... Removed 3 stack frames</pre></div><a href='#' onClick='toggleBox("stack-trace1116633851", this, "Click to show all stack frames", "Click to hide stack frames")'>Click to show all stack frames</a>
<div class='stack-trace' id='stack-trace1116633851'><pre>org.openqa.selenium.NoSuchElementException: no such element: Unable to locate element: {&quot;method&quot;:&quot;xpath&quot;,&quot;selector&quot;:&quot;//div[@class=&quot;btn-group bootstrap-select language&quot;]&quot;}
  (Session info: chrome=135.0.7049.85)
For documentation on this error, please visit: https://www.selenium.dev/documentation/webdriver/troubleshooting/errors#no-such-element-exception
Build info: version: &apos;4.30.0&apos;, revision: &apos;509c7f17cc*&apos;
System info: os.name: &apos;Windows 11&apos;, os.arch: &apos;amd64&apos;, os.version: &apos;10.0&apos;, java.version: &apos;21.0.6&apos;
Driver info: org.openqa.selenium.chrome.ChromeDriver
Command: [0b311869ef47bf712104093c8e59cead, findElement {value=//div[@class=&quot;btn-group bootstrap-select language&quot;], using=xpath}]
Capabilities {acceptInsecureCerts: false, browserName: chrome, browserVersion: 135.0.7049.85, chrome: {chromedriverVersion: 135.0.7049.84 (6c019e560019..., userDataDir: C:\Users\GOWRIS~1\AppData\L...}, fedcm:accounts: true, goog:chromeOptions: {debuggerAddress: localhost:53221}, networkConnectionEnabled: false, pageLoadStrategy: normal, platformName: windows, proxy: Proxy(), se:cdp: ws://localhost:53221/devtoo..., se:cdpVersion: 135.0.7049.85, setWindowRect: true, strictFileInteractability: false, timeouts: {implicit: 0, pageLoad: 300000, script: 30000}, unhandledPromptBehavior: dismiss and notify, webauthn:extension:credBlob: true, webauthn:extension:largeBlob: true, webauthn:extension:minPinLength: true, webauthn:extension:prf: true, webauthn:virtualAuthenticators: true}
Session ID: 0b311869ef47bf712104093c8e59cead
	at java.base/jdk.internal.reflect.DirectConstructorHandleAccessor.newInstance(DirectConstructorHandleAccessor.java:62)
	at java.base/java.lang.reflect.Constructor.newInstanceWithCaller(Constructor.java:502)
	at java.base/java.lang.reflect.Constructor.newInstance(Constructor.java:486)
	at org.openqa.selenium.remote.ErrorCodec.decode(ErrorCodec.java:167)
	at org.openqa.selenium.remote.codec.w3c.W3CHttpResponseCodec.decode(W3CHttpResponseCodec.java:138)
	at org.openqa.selenium.remote.codec.w3c.W3CHttpResponseCodec.decode(W3CHttpResponseCodec.java:50)
	at org.openqa.selenium.remote.HttpCommandExecutor.execute(HttpCommandExecutor.java:215)
	at org.openqa.selenium.remote.service.DriverCommandExecutor.invokeExecute(DriverCommandExecutor.java:216)
	at org.openqa.selenium.remote.service.DriverCommandExecutor.execute(DriverCommandExecutor.java:174)
	at org.openqa.selenium.remote.RemoteWebDriver.execute(RemoteWebDriver.java:545)
	at org.openqa.selenium.remote.ElementLocation$ElementFinder$2.findElement(ElementLocation.java:165)
	at org.openqa.selenium.remote.ElementLocation.findElement(ElementLocation.java:59)
	at org.openqa.selenium.remote.RemoteWebDriver.findElement(RemoteWebDriver.java:368)
	at org.openqa.selenium.remote.RemoteWebDriver.findElement(RemoteWebDriver.java:362)
	at org.openqa.selenium.support.pagefactory.DefaultElementLocator.findElement(DefaultElementLocator.java:68)
	at org.openqa.selenium.support.pagefactory.internal.LocatingElementHandler.invoke(LocatingElementHandler.java:38)
	at jdk.proxy2/jdk.proxy2.$Proxy40.click(Unknown Source)
	at com.actions.DoctorActions.english(DoctorActions.java:22)
	at com.definitions.DoctorDefinition.doctor_is_logged_in_to_the_smart_hospital_system(DoctorDefinition.java:16)
	at ✽.Doctor is logged in to the Smart Hospital system(file:///C:/Users/GOWRISANKAR/git/Smart_Hospital_Cucumber/SmartHospitals_Cucumber/src/test/resources/Features/DoctorFeature.feature:3)
</pre></div></td>
<td>82</td>
<td>com.runner.RunnerClass@76f2bbc1</td></tr>
<tr>
<td title='com.runner.RunnerClass.runScenario()'><b>runScenario</b><br>Test class: com.runner.RunnerClass<br>Test method: Runs Cucumber Scenarios<br>Parameters: "Doctor tries to add a new patient without entering the Month", "Manage Appointments in Smart Hospital"</td>
<td><div><pre>org.openqa.selenium.NoSuchElementException: no such element: Unable to locate element: {&quot;method&quot;:&quot;xpath&quot;,&quot;selector&quot;:&quot;//div[@class=&quot;btn-group bootstrap-select language&quot;]&quot;}
  (Session info: chrome=135.0.7049.85)
For documentation on this error, please visit: https://www.selenium.dev/documentation/webdriver/troubleshooting/errors#no-such-element-exception
Build info: version: &apos;4.30.0&apos;, revision: &apos;509c7f17cc*&apos;
System info: os.name: &apos;Windows 11&apos;, os.arch: &apos;amd64&apos;, os.version: &apos;10.0&apos;, java.version: &apos;21.0.6&apos;
Driver info: org.openqa.selenium.chrome.ChromeDriver
Command: [b38ba2aa4bce1a0ffef2e38637cc979a, findElement {value=//div[@class=&quot;btn-group bootstrap-select language&quot;], using=xpath}]
Capabilities {acceptInsecureCerts: false, browserName: chrome, browserVersion: 135.0.7049.85, chrome: {chromedriverVersion: 135.0.7049.84 (6c019e560019..., userDataDir: C:\Users\GOWRIS~1\AppData\L...}, fedcm:accounts: true, goog:chromeOptions: {debuggerAddress: localhost:53217}, networkConnectionEnabled: false, pageLoadStrategy: normal, platformName: windows, proxy: Proxy(), se:cdp: ws://localhost:53217/devtoo..., se:cdpVersion: 135.0.7049.85, setWindowRect: true, strictFileInteractability: false, timeouts: {implicit: 0, pageLoad: 300000, script: 30000}, unhandledPromptBehavior: dismiss and notify, webauthn:extension:credBlob: true, webauthn:extension:largeBlob: true, webauthn:extension:minPinLength: true, webauthn:extension:prf: true, webauthn:virtualAuthenticators: true}
Session ID: b38ba2aa4bce1a0ffef2e38637cc979a
	at org.openqa.selenium.remote.ErrorCodec.decode(ErrorCodec.java:167)
	at org.openqa.selenium.remote.codec.w3c.W3CHttpResponseCodec.decode(W3CHttpResponseCodec.java:138)
	at org.openqa.selenium.remote.codec.w3c.W3CHttpResponseCodec.decode(W3CHttpResponseCodec.java:50)
	at org.openqa.selenium.remote.HttpCommandExecutor.execute(HttpCommandExecutor.java:215)
	at org.openqa.selenium.remote.service.DriverCommandExecutor.invokeExecute(DriverCommandExecutor.java:216)
	at org.openqa.selenium.remote.service.DriverCommandExecutor.execute(DriverCommandExecutor.java:174)
	at org.openqa.selenium.remote.RemoteWebDriver.execute(RemoteWebDriver.java:545)
	at org.openqa.selenium.remote.ElementLocation$ElementFinder$2.findElement(ElementLocation.java:165)
	at org.openqa.selenium.remote.ElementLocation.findElement(ElementLocation.java:59)
	at org.openqa.selenium.remote.RemoteWebDriver.findElement(RemoteWebDriver.java:368)
	at org.openqa.selenium.remote.RemoteWebDriver.findElement(RemoteWebDriver.java:362)
	at org.openqa.selenium.support.pagefactory.DefaultElementLocator.findElement(DefaultElementLocator.java:68)
	at org.openqa.selenium.support.pagefactory.internal.LocatingElementHandler.invoke(LocatingElementHandler.java:38)
	at jdk.proxy2/jdk.proxy2.$Proxy40.click(Unknown Source)
	at com.actions.DoctorActions.english(DoctorActions.java:22)
	at com.definitions.DoctorDefinition.doctor_is_logged_in_to_the_smart_hospital_system(DoctorDefinition.java:16)
	at ✽.Doctor is logged in to the Smart Hospital system(file:///C:/Users/GOWRISANKAR/git/Smart_Hospital_Cucumber/SmartHospitals_Cucumber/src/test/resources/Features/DoctorFeature.feature:3)
... Removed 3 stack frames</pre></div><a href='#' onClick='toggleBox("stack-trace571378288", this, "Click to show all stack frames", "Click to hide stack frames")'>Click to show all stack frames</a>
<div class='stack-trace' id='stack-trace571378288'><pre>org.openqa.selenium.NoSuchElementException: no such element: Unable to locate element: {&quot;method&quot;:&quot;xpath&quot;,&quot;selector&quot;:&quot;//div[@class=&quot;btn-group bootstrap-select language&quot;]&quot;}
  (Session info: chrome=135.0.7049.85)
For documentation on this error, please visit: https://www.selenium.dev/documentation/webdriver/troubleshooting/errors#no-such-element-exception
Build info: version: &apos;4.30.0&apos;, revision: &apos;509c7f17cc*&apos;
System info: os.name: &apos;Windows 11&apos;, os.arch: &apos;amd64&apos;, os.version: &apos;10.0&apos;, java.version: &apos;21.0.6&apos;
Driver info: org.openqa.selenium.chrome.ChromeDriver
Command: [b38ba2aa4bce1a0ffef2e38637cc979a, findElement {value=//div[@class=&quot;btn-group bootstrap-select language&quot;], using=xpath}]
Capabilities {acceptInsecureCerts: false, browserName: chrome, browserVersion: 135.0.7049.85, chrome: {chromedriverVersion: 135.0.7049.84 (6c019e560019..., userDataDir: C:\Users\GOWRIS~1\AppData\L...}, fedcm:accounts: true, goog:chromeOptions: {debuggerAddress: localhost:53217}, networkConnectionEnabled: false, pageLoadStrategy: normal, platformName: windows, proxy: Proxy(), se:cdp: ws://localhost:53217/devtoo..., se:cdpVersion: 135.0.7049.85, setWindowRect: true, strictFileInteractability: false, timeouts: {implicit: 0, pageLoad: 300000, script: 30000}, unhandledPromptBehavior: dismiss and notify, webauthn:extension:credBlob: true, webauthn:extension:largeBlob: true, webauthn:extension:minPinLength: true, webauthn:extension:prf: true, webauthn:virtualAuthenticators: true}
Session ID: b38ba2aa4bce1a0ffef2e38637cc979a
	at java.base/jdk.internal.reflect.DirectConstructorHandleAccessor.newInstance(DirectConstructorHandleAccessor.java:62)
	at java.base/java.lang.reflect.Constructor.newInstanceWithCaller(Constructor.java:502)
	at java.base/java.lang.reflect.Constructor.newInstance(Constructor.java:486)
	at org.openqa.selenium.remote.ErrorCodec.decode(ErrorCodec.java:167)
	at org.openqa.selenium.remote.codec.w3c.W3CHttpResponseCodec.decode(W3CHttpResponseCodec.java:138)
	at org.openqa.selenium.remote.codec.w3c.W3CHttpResponseCodec.decode(W3CHttpResponseCodec.java:50)
	at org.openqa.selenium.remote.HttpCommandExecutor.execute(HttpCommandExecutor.java:215)
	at org.openqa.selenium.remote.service.DriverCommandExecutor.invokeExecute(DriverCommandExecutor.java:216)
	at org.openqa.selenium.remote.service.DriverCommandExecutor.execute(DriverCommandExecutor.java:174)
	at org.openqa.selenium.remote.RemoteWebDriver.execute(RemoteWebDriver.java:545)
	at org.openqa.selenium.remote.ElementLocation$ElementFinder$2.findElement(ElementLocation.java:165)
	at org.openqa.selenium.remote.ElementLocation.findElement(ElementLocation.java:59)
	at org.openqa.selenium.remote.RemoteWebDriver.findElement(RemoteWebDriver.java:368)
	at org.openqa.selenium.remote.RemoteWebDriver.findElement(RemoteWebDriver.java:362)
	at org.openqa.selenium.support.pagefactory.DefaultElementLocator.findElement(DefaultElementLocator.java:68)
	at org.openqa.selenium.support.pagefactory.internal.LocatingElementHandler.invoke(LocatingElementHandler.java:38)
	at jdk.proxy2/jdk.proxy2.$Proxy40.click(Unknown Source)
	at com.actions.DoctorActions.english(DoctorActions.java:22)
	at com.definitions.DoctorDefinition.doctor_is_logged_in_to_the_smart_hospital_system(DoctorDefinition.java:16)
	at ✽.Doctor is logged in to the Smart Hospital system(file:///C:/Users/GOWRISANKAR/git/Smart_Hospital_Cucumber/SmartHospitals_Cucumber/src/test/resources/Features/DoctorFeature.feature:3)
</pre></div></td>
<td>75</td>
<td>com.runner.RunnerClass@76f2bbc1</td></tr>
<tr>
<td title='com.runner.RunnerClass.runScenario()'><b>runScenario</b><br>Test class: com.runner.RunnerClass<br>Test method: Runs Cucumber Scenarios<br>Parameters: "Verify the Login with roles", "Login functionality for the Smart Hospital website"</td>
<td><div><pre>java.lang.AssertionError: Dashboard not displayed for role: Super Admin
	at com.definitions.LoginDefinition.the_user_should_see_the_dashboard_page_for_the_role(LoginDefinition.java:48)
	at ✽.the user should see the dashboard page for the &quot;Super Admin&quot; role(file:///C:/Users/GOWRISANKAR/git/Smart_Hospital_Cucumber/SmartHospitals_Cucumber/src/test/resources/Features/LoginFeature.feature:9)
</pre></div><a href='#' onClick='toggleBox("stack-trace1775548363", this, "Click to show all stack frames", "Click to hide stack frames")'>Click to show all stack frames</a>
<div class='stack-trace' id='stack-trace1775548363'><pre>java.lang.AssertionError: Dashboard not displayed for role: Super Admin
	at com.definitions.LoginDefinition.the_user_should_see_the_dashboard_page_for_the_role(LoginDefinition.java:48)
	at ✽.the user should see the dashboard page for the &quot;Super Admin&quot; role(file:///C:/Users/GOWRISANKAR/git/Smart_Hospital_Cucumber/SmartHospitals_Cucumber/src/test/resources/Features/LoginFeature.feature:9)
</pre></div></td>
<td>69</td>
<td>com.runner.RunnerClass@76f2bbc1</td></tr>
</table><p>
<table width='100%' border='1' class='invocation-passed'>
<tr><td colspan='4' align='center'><b>PASSED TESTS</b></td></tr>
<tr><td><b>Test method</b></td>
<td><b>Attribute(s)</b></td>
<td width="30%"><b>Exception</b></td>
<td width="10%"><b>Time (seconds)</b></td>
<td><b>Instance</b></td>
</tr>
<tr>
<td title='com.runner.RunnerClass.runScenario()'><b>runScenario</b><br>Test class: com.runner.RunnerClass<br>Test method: Runs Cucumber Scenarios<br>Parameters: "Verify the Login with roles", "Login functionality for the Smart Hospital website"</td>
<td></td>
<td>34</td>
<td>com.runner.RunnerClass@76f2bbc1</td></tr>
<tr>
<td title='com.runner.RunnerClass.runScenario()'><b>runScenario</b><br>Test class: com.runner.RunnerClass<br>Test method: Runs Cucumber Scenarios<br>Parameters: "Attempt to login with missing username and password", "Login functionality for the Smart Hospital website"</td>
<td></td>
<td>19</td>
<td>com.runner.RunnerClass@76f2bbc1</td></tr>
<tr>
<td title='com.runner.RunnerClass.runScenario()'><b>runScenario</b><br>Test class: com.runner.RunnerClass<br>Test method: Runs Cucumber Scenarios<br>Parameters: "Doctor tries to create an appointment with an expired time slot", "Manage Appointments in Smart Hospital"</td>
<td></td>
<td>110</td>
<td>com.runner.RunnerClass@76f2bbc1</td></tr>
<tr>
<td title='com.runner.RunnerClass.runScenario()'><b>runScenario</b><br>Test class: com.runner.RunnerClass<br>Test method: Runs Cucumber Scenarios<br>Parameters: "Doctor tries to add a new patient without entering the year", "Manage Appointments in Smart Hospital"</td>
<td></td>
<td>83</td>
<td>com.runner.RunnerClass@76f2bbc1</td></tr>
<tr>
<td title='com.runner.RunnerClass.runScenario()'><b>runScenario</b><br>Test class: com.runner.RunnerClass<br>Test method: Runs Cucumber Scenarios<br>Parameters: "Verify the Login with roles", "Login functionality for the Smart Hospital website"</td>
<td></td>
<td>75</td>
<td>com.runner.RunnerClass@76f2bbc1</td></tr>
<tr>
<td title='com.runner.RunnerClass.runScenario()'><b>runScenario</b><br>Test class: com.runner.RunnerClass<br>Test method: Runs Cucumber Scenarios<br>Parameters: "Verify the Login with roles", "Login functionality for the Smart Hospital website"</td>
<td></td>
<td>68</td>
<td>com.runner.RunnerClass@76f2bbc1</td></tr>
<tr>
<td title='com.runner.RunnerClass.runScenario()'><b>runScenario</b><br>Test class: com.runner.RunnerClass<br>Test method: Runs Cucumber Scenarios<br>Parameters: "Attempt to login with missing password", "Login functionality for the Smart Hospital website"</td>
<td></td>
<td>28</td>
<td>com.runner.RunnerClass@76f2bbc1</td></tr>
<tr>
<td title='com.runner.RunnerClass.runScenario()'><b>runScenario</b><br>Test class: com.runner.RunnerClass<br>Test method: Runs Cucumber Scenarios<br>Parameters: "Attempt to login with missing username and password", "Login functionality for the Smart Hospital website"</td>
<td></td>
<td>19</td>
<td>com.runner.RunnerClass@76f2bbc1</td></tr>
<tr>
<td title='com.runner.RunnerClass.runScenario()'><b>runScenario</b><br>Test class: com.runner.RunnerClass<br>Test method: Runs Cucumber Scenarios<br>Parameters: "Doctor tries to add a new patient without entering the name", "Manage Appointments in Smart Hospital"</td>
<td></td>
<td>98</td>
<td>com.runner.RunnerClass@76f2bbc1</td></tr>
<tr>
<td title='com.runner.RunnerClass.runScenario()'><b>runScenario</b><br>Test class: com.runner.RunnerClass<br>Test method: Runs Cucumber Scenarios<br>Parameters: "Doctor tries to add a new patient without entering the day", "Manage Appointments in Smart Hospital"</td>
<td></td>
<td>95</td>
<td>com.runner.RunnerClass@76f2bbc1</td></tr>
<tr>
<td title='com.runner.RunnerClass.runScenario()'><b>runScenario</b><br>Test class: com.runner.RunnerClass<br>Test method: Runs Cucumber Scenarios<br>Parameters: "Attempt to login with missing password", "Login functionality for the Smart Hospital website"</td>
<td></td>
<td>33</td>
<td>com.runner.RunnerClass@76f2bbc1</td></tr>
<tr>
<td title='com.runner.RunnerClass.runScenario()'><b>runScenario</b><br>Test class: com.runner.RunnerClass<br>Test method: Runs Cucumber Scenarios<br>Parameters: "Attempt to login with missing username", "Login functionality for the Smart Hospital website"</td>
<td></td>
<td>27</td>
<td>com.runner.RunnerClass@76f2bbc1</td></tr>
<tr>
<td title='com.runner.RunnerClass.runScenario()'><b>runScenario</b><br>Test class: com.runner.RunnerClass<br>Test method: Runs Cucumber Scenarios<br>Parameters: "Verify the Login with roles", "Login functionality for the Smart Hospital website"</td>
<td></td>
<td>40</td>
<td>com.runner.RunnerClass@76f2bbc1</td></tr>
<tr>
<td title='com.runner.RunnerClass.runScenario()'><b>runScenario</b><br>Test class: com.runner.RunnerClass<br>Test method: Runs Cucumber Scenarios<br>Parameters: "Attempt to login with missing password", "Login functionality for the Smart Hospital website"</td>
<td></td>
<td>27</td>
<td>com.runner.RunnerClass@76f2bbc1</td></tr>
<tr>
<td title='com.runner.RunnerClass.runScenario()'><b>runScenario</b><br>Test class: com.runner.RunnerClass<br>Test method: Runs Cucumber Scenarios<br>Parameters: "Attempt to login with missing username", "Login functionality for the Smart Hospital website"</td>
<td></td>
<td>35</td>
<td>com.runner.RunnerClass@76f2bbc1</td></tr>
<tr>
<td title='com.runner.RunnerClass.runScenario()'><b>runScenario</b><br>Test class: com.runner.RunnerClass<br>Test method: Runs Cucumber Scenarios<br>Parameters: "Verify the Login with roles", "Login functionality for the Smart Hospital website"</td>
<td></td>
<td>71</td>
<td>com.runner.RunnerClass@76f2bbc1</td></tr>
<tr>
<td title='com.runner.RunnerClass.runScenario()'><b>runScenario</b><br>Test class: com.runner.RunnerClass<br>Test method: Runs Cucumber Scenarios<br>Parameters: "To check Login as patient", "Login with the Patient Login Credentials"</td>
<td></td>
<td>24</td>
<td>com.runner.RunnerClass@76f2bbc1</td></tr>
<tr>
<td title='com.runner.RunnerClass.runScenario()'><b>runScenario</b><br>Test class: com.runner.RunnerClass<br>Test method: Runs Cucumber Scenarios<br>Parameters: "Attempt to login with missing username", "Login functionality for the Smart Hospital website"</td>
<td></td>
<td>28</td>
<td>com.runner.RunnerClass@76f2bbc1</td></tr>
<tr>
<td title='com.runner.RunnerClass.runScenario()'><b>runScenario</b><br>Test class: com.runner.RunnerClass<br>Test method: Runs Cucumber Scenarios<br>Parameters: "Attempt to login with missing username and password", "Login functionality for the Smart Hospital website"</td>
<td></td>
<td>23</td>
<td>com.runner.RunnerClass@76f2bbc1</td></tr>
</table><p>
</body>
</html>