<html>
<head>
<title>TestNG:  Test</title>
<link href="../testng.css" rel="stylesheet" type="text/css" />
<link href="../my-testng.css" rel="stylesheet" type="text/css" />

<style type="text/css">
.log { display: none;} 
.stack-trace { display: none;} 
</style>
<script type="text/javascript">
<!--
function flip(e) {
  current = e.style.display;
  if (current == 'block') {
    e.style.display = 'none';
    return 0;
  }
  else {
    e.style.display = 'block';
    return 1;
  }
}

function toggleBox(szDivId, elem, msg1, msg2)
{
  var res = -1;  if (document.getElementById) {
    res = flip(document.getElementById(szDivId));
  }
  else if (document.all) {
    // this is the way old msie versions work
    res = flip(document.all[szDivId]);
  }
  if(elem) {
    if(res == 0) elem.innerHTML = msg1; else elem.innerHTML = msg2;
  }

}

function toggleAllBoxes() {
  if (document.getElementsByTagName) {
    d = document.getElementsByTagName('div');
    for (i = 0; i < d.length; i++) {
      if (d[i].className == 'log') {
        flip(d[i]);
      }
    }
  }
}

// -->
</script>

</head>
<body>
<h2 align='center'>Test</h2><table border='1' align="center">
<tr>
<td>Tests passed/Failed/Skipped:</td><td>36/9/0</td>
</tr><tr>
<td>Started on:</td><td>Wed Apr 16 11:44:14 IST 2025</td>
</tr>
<tr><td>Total time:</td><td>191 seconds (191762 ms)</td>
</tr><tr>
<td>Included groups:</td><td></td>
</tr><tr>
<td>Excluded groups:</td><td></td>
</tr>
</table><p/>
<small><i>(Hover the method name to see the test class name)</i></small><p/>
<table width='100%' border='1' class='invocation-failed'>
<tr><td colspan='4' align='center'><b>FAILED TESTS</b></td></tr>
<tr><td><b>Test method</b></td>
<td><b>Attribute(s)</b></td>
<td width="30%"><b>Exception</b></td>
<td width="10%"><b>Time (seconds)</b></td>
<td><b>Instance</b></td>
</tr>
<tr>
<td title='com.runner.RunnerClass.runScenario()'><b>runScenario</b><br>Test class: com.runner.RunnerClass<br>Test method: Runs Cucumber Scenarios<br>Parameters: "Doctor tries to submit prescription with missing fields", "Doctor add Prescription for the Feature in Smart Hospital"</td>
<td><div><pre>org.openqa.selenium.TimeoutException: Expected condition failed: waiting for element to be clickable: [[ChromeDriver: chrome on windows (4799e80e3d4cb859d78de756201dfd21)] -&gt; xpath: (//span[@class=&quot;select2-selection__arrow&quot;])[5]] (tried for 10 second(s) with 500 milliseconds interval)
Build info: version: &apos;4.30.0&apos;, revision: &apos;509c7f17cc*&apos;
System info: os.name: &apos;Windows 11&apos;, os.arch: &apos;amd64&apos;, os.version: &apos;10.0&apos;, java.version: &apos;21.0.6&apos;
Driver info: org.openqa.selenium.chrome.ChromeDriver
Capabilities {acceptInsecureCerts: false, browserName: chrome, browserVersion: 135.0.7049.85, chrome: {chromedriverVersion: 135.0.7049.95 (de2eb485a195..., userDataDir: C:\Users\gayat\AppData\Loca...}, fedcm:accounts: true, goog:chromeOptions: {debuggerAddress: localhost:63771}, networkConnectionEnabled: false, pageLoadStrategy: normal, platformName: windows, proxy: Proxy(), se:cdp: ws://localhost:63771/devtoo..., se:cdpVersion: 135.0.7049.85, setWindowRect: true, strictFileInteractability: false, timeouts: {implicit: 0, pageLoad: 300000, script: 30000}, unhandledPromptBehavior: dismiss and notify, webauthn:extension:credBlob: true, webauthn:extension:largeBlob: true, webauthn:extension:minPinLength: true, webauthn:extension:prf: true, webauthn:virtualAuthenticators: true}
Session ID: 4799e80e3d4cb859d78de756201dfd21
	at org.openqa.selenium.support.ui.WebDriverWait.timeoutException(WebDriverWait.java:84)
	at org.openqa.selenium.support.ui.FluentWait.until(FluentWait.java:228)
	at com.actions.PrescriptionActions.selectFindingCategory(PrescriptionActions.java:28)
	at com.definitions.PrescriptionDefinition.the_doctor_fills_the_prescription_form_with(PrescriptionDefinition.java:50)
	at ✽.the doctor fills the prescription form with:(file:///C:/Users/gayat/git/Smart_Hospital_Cucumber/SmartHospitals_Cucumber/src/test/resources/Features/PrescriptionFeature.feature:8)
</pre></div><a href='#' onClick='toggleBox("stack-trace550157545", this, "Click to show all stack frames", "Click to hide stack frames")'>Click to show all stack frames</a>
<div class='stack-trace' id='stack-trace550157545'><pre>org.openqa.selenium.TimeoutException: Expected condition failed: waiting for element to be clickable: [[ChromeDriver: chrome on windows (4799e80e3d4cb859d78de756201dfd21)] -&gt; xpath: (//span[@class=&quot;select2-selection__arrow&quot;])[5]] (tried for 10 second(s) with 500 milliseconds interval)
Build info: version: &apos;4.30.0&apos;, revision: &apos;509c7f17cc*&apos;
System info: os.name: &apos;Windows 11&apos;, os.arch: &apos;amd64&apos;, os.version: &apos;10.0&apos;, java.version: &apos;21.0.6&apos;
Driver info: org.openqa.selenium.chrome.ChromeDriver
Capabilities {acceptInsecureCerts: false, browserName: chrome, browserVersion: 135.0.7049.85, chrome: {chromedriverVersion: 135.0.7049.95 (de2eb485a195..., userDataDir: C:\Users\gayat\AppData\Loca...}, fedcm:accounts: true, goog:chromeOptions: {debuggerAddress: localhost:63771}, networkConnectionEnabled: false, pageLoadStrategy: normal, platformName: windows, proxy: Proxy(), se:cdp: ws://localhost:63771/devtoo..., se:cdpVersion: 135.0.7049.85, setWindowRect: true, strictFileInteractability: false, timeouts: {implicit: 0, pageLoad: 300000, script: 30000}, unhandledPromptBehavior: dismiss and notify, webauthn:extension:credBlob: true, webauthn:extension:largeBlob: true, webauthn:extension:minPinLength: true, webauthn:extension:prf: true, webauthn:virtualAuthenticators: true}
Session ID: 4799e80e3d4cb859d78de756201dfd21
	at org.openqa.selenium.support.ui.WebDriverWait.timeoutException(WebDriverWait.java:84)
	at org.openqa.selenium.support.ui.FluentWait.until(FluentWait.java:228)
	at com.actions.PrescriptionActions.selectFindingCategory(PrescriptionActions.java:28)
	at com.definitions.PrescriptionDefinition.the_doctor_fills_the_prescription_form_with(PrescriptionDefinition.java:50)
	at ✽.the doctor fills the prescription form with:(file:///C:/Users/gayat/git/Smart_Hospital_Cucumber/SmartHospitals_Cucumber/src/test/resources/Features/PrescriptionFeature.feature:8)
</pre></div></td>
<td>50</td>
<td>com.runner.RunnerClass@1bb266b3</td></tr>
<tr>
<td title='com.runner.RunnerClass.runScenario()'><b>runScenario</b><br>Test class: com.runner.RunnerClass<br>Test method: Runs Cucumber Scenarios<br>Parameters: "Payment by invalid card number", "Login with the Patient Login Credentials"</td>
<td><div><pre>org.openqa.selenium.NoSuchElementException: no such element: Unable to locate element: {&quot;method&quot;:&quot;xpath&quot;,&quot;selector&quot;:&quot;//div[@class=&apos;form-bottom&apos;]/p[1]/a[1]&quot;}
  (Session info: chrome=135.0.7049.85)
For documentation on this error, please visit: https://www.selenium.dev/documentation/webdriver/troubleshooting/errors#no-such-element-exception
Build info: version: &apos;4.30.0&apos;, revision: &apos;509c7f17cc*&apos;
System info: os.name: &apos;Windows 11&apos;, os.arch: &apos;amd64&apos;, os.version: &apos;10.0&apos;, java.version: &apos;21.0.6&apos;
Driver info: org.openqa.selenium.chrome.ChromeDriver
Command: [33816289b77aa6a193c123c05ecbff86, findElement {using=xpath, value=//div[@class=&apos;form-bottom&apos;]/p[1]/a[1]}]
Capabilities {acceptInsecureCerts: false, browserName: chrome, browserVersion: 135.0.7049.85, chrome: {chromedriverVersion: 135.0.7049.95 (de2eb485a195..., userDataDir: C:\Users\gayat\AppData\Loca...}, fedcm:accounts: true, goog:chromeOptions: {debuggerAddress: localhost:63242}, networkConnectionEnabled: false, pageLoadStrategy: normal, platformName: windows, proxy: Proxy(), se:cdp: ws://localhost:63242/devtoo..., se:cdpVersion: 135.0.7049.85, setWindowRect: true, strictFileInteractability: false, timeouts: {implicit: 0, pageLoad: 300000, script: 30000}, unhandledPromptBehavior: dismiss and notify, webauthn:extension:credBlob: true, webauthn:extension:largeBlob: true, webauthn:extension:minPinLength: true, webauthn:extension:prf: true, webauthn:virtualAuthenticators: true}
Session ID: 33816289b77aa6a193c123c05ecbff86
	at org.openqa.selenium.remote.ErrorCodec.decode(ErrorCodec.java:167)
	at org.openqa.selenium.remote.codec.w3c.W3CHttpResponseCodec.decode(W3CHttpResponseCodec.java:138)
	at org.openqa.selenium.remote.codec.w3c.W3CHttpResponseCodec.decode(W3CHttpResponseCodec.java:50)
	at org.openqa.selenium.remote.HttpCommandExecutor.execute(HttpCommandExecutor.java:215)
	at org.openqa.selenium.remote.service.DriverCommandExecutor.invokeExecute(DriverCommandExecutor.java:216)
	at org.openqa.selenium.remote.service.DriverCommandExecutor.execute(DriverCommandExecutor.java:174)
	at org.openqa.selenium.remote.RemoteWebDriver.execute(RemoteWebDriver.java:545)
	at org.openqa.selenium.remote.ElementLocation$ElementFinder$2.findElement(ElementLocation.java:165)
	at org.openqa.selenium.remote.ElementLocation.findElement(ElementLocation.java:59)
	at org.openqa.selenium.remote.RemoteWebDriver.findElement(RemoteWebDriver.java:368)
	at org.openqa.selenium.remote.RemoteWebDriver.findElement(RemoteWebDriver.java:362)
	at org.openqa.selenium.support.pagefactory.DefaultElementLocator.findElement(DefaultElementLocator.java:68)
	at org.openqa.selenium.support.pagefactory.internal.LocatingElementHandler.invoke(LocatingElementHandler.java:38)
	at jdk.proxy2/jdk.proxy2.$Proxy31.click(Unknown Source)
	at com.actions.PatientActions.ClickUserLoginBtn(PatientActions.java:35)
	at com.definitions.PatientDefinition.the_user_clicks_the_user_login(PatientDefinition.java:32)
	at ✽.the User clicks the User Login(file:///C:/Users/gayat/git/Smart_Hospital_Cucumber/SmartHospitals_Cucumber/src/test/resources/Features/PatientPayment.feature:5)
... Removed 3 stack frames</pre></div><a href='#' onClick='toggleBox("stack-trace1317021111", this, "Click to show all stack frames", "Click to hide stack frames")'>Click to show all stack frames</a>
<div class='stack-trace' id='stack-trace1317021111'><pre>org.openqa.selenium.NoSuchElementException: no such element: Unable to locate element: {&quot;method&quot;:&quot;xpath&quot;,&quot;selector&quot;:&quot;//div[@class=&apos;form-bottom&apos;]/p[1]/a[1]&quot;}
  (Session info: chrome=135.0.7049.85)
For documentation on this error, please visit: https://www.selenium.dev/documentation/webdriver/troubleshooting/errors#no-such-element-exception
Build info: version: &apos;4.30.0&apos;, revision: &apos;509c7f17cc*&apos;
System info: os.name: &apos;Windows 11&apos;, os.arch: &apos;amd64&apos;, os.version: &apos;10.0&apos;, java.version: &apos;21.0.6&apos;
Driver info: org.openqa.selenium.chrome.ChromeDriver
Command: [33816289b77aa6a193c123c05ecbff86, findElement {using=xpath, value=//div[@class=&apos;form-bottom&apos;]/p[1]/a[1]}]
Capabilities {acceptInsecureCerts: false, browserName: chrome, browserVersion: 135.0.7049.85, chrome: {chromedriverVersion: 135.0.7049.95 (de2eb485a195..., userDataDir: C:\Users\gayat\AppData\Loca...}, fedcm:accounts: true, goog:chromeOptions: {debuggerAddress: localhost:63242}, networkConnectionEnabled: false, pageLoadStrategy: normal, platformName: windows, proxy: Proxy(), se:cdp: ws://localhost:63242/devtoo..., se:cdpVersion: 135.0.7049.85, setWindowRect: true, strictFileInteractability: false, timeouts: {implicit: 0, pageLoad: 300000, script: 30000}, unhandledPromptBehavior: dismiss and notify, webauthn:extension:credBlob: true, webauthn:extension:largeBlob: true, webauthn:extension:minPinLength: true, webauthn:extension:prf: true, webauthn:virtualAuthenticators: true}
Session ID: 33816289b77aa6a193c123c05ecbff86
	at java.base/jdk.internal.reflect.DirectConstructorHandleAccessor.newInstance(DirectConstructorHandleAccessor.java:62)
	at java.base/java.lang.reflect.Constructor.newInstanceWithCaller(Constructor.java:502)
	at java.base/java.lang.reflect.Constructor.newInstance(Constructor.java:486)
	at org.openqa.selenium.remote.ErrorCodec.decode(ErrorCodec.java:167)
	at org.openqa.selenium.remote.codec.w3c.W3CHttpResponseCodec.decode(W3CHttpResponseCodec.java:138)
	at org.openqa.selenium.remote.codec.w3c.W3CHttpResponseCodec.decode(W3CHttpResponseCodec.java:50)
	at org.openqa.selenium.remote.HttpCommandExecutor.execute(HttpCommandExecutor.java:215)
	at org.openqa.selenium.remote.service.DriverCommandExecutor.invokeExecute(DriverCommandExecutor.java:216)
	at org.openqa.selenium.remote.service.DriverCommandExecutor.execute(DriverCommandExecutor.java:174)
	at org.openqa.selenium.remote.RemoteWebDriver.execute(RemoteWebDriver.java:545)
	at org.openqa.selenium.remote.ElementLocation$ElementFinder$2.findElement(ElementLocation.java:165)
	at org.openqa.selenium.remote.ElementLocation.findElement(ElementLocation.java:59)
	at org.openqa.selenium.remote.RemoteWebDriver.findElement(RemoteWebDriver.java:368)
	at org.openqa.selenium.remote.RemoteWebDriver.findElement(RemoteWebDriver.java:362)
	at org.openqa.selenium.support.pagefactory.DefaultElementLocator.findElement(DefaultElementLocator.java:68)
	at org.openqa.selenium.support.pagefactory.internal.LocatingElementHandler.invoke(LocatingElementHandler.java:38)
	at jdk.proxy2/jdk.proxy2.$Proxy31.click(Unknown Source)
	at com.actions.PatientActions.ClickUserLoginBtn(PatientActions.java:35)
	at com.definitions.PatientDefinition.the_user_clicks_the_user_login(PatientDefinition.java:32)
	at ✽.the User clicks the User Login(file:///C:/Users/gayat/git/Smart_Hospital_Cucumber/SmartHospitals_Cucumber/src/test/resources/Features/PatientPayment.feature:5)
</pre></div></td>
<td>24</td>
<td>com.runner.RunnerClass@1bb266b3</td></tr>
<tr>
<td title='com.runner.RunnerClass.runScenario()'><b>runScenario</b><br>Test class: com.runner.RunnerClass<br>Test method: Runs Cucumber Scenarios<br>Parameters: "Appointment booking for patient", "Booking appointment using patient Login"</td>
<td><div><pre>org.openqa.selenium.UnhandledAlertException: unexpected alert open: {Alert text : Appointment Time Is Expired}
  (Session info: chrome=135.0.7049.85): Appointment Time Is Expired
Build info: version: &apos;4.30.0&apos;, revision: &apos;509c7f17cc*&apos;
System info: os.name: &apos;Windows 11&apos;, os.arch: &apos;amd64&apos;, os.version: &apos;10.0&apos;, java.version: &apos;21.0.6&apos;
Driver info: org.openqa.selenium.chrome.ChromeDriver
Command: [33816289b77aa6a193c123c05ecbff86, getElementText {id=f.EA631C06EE071981DE7F81D43685263A.d.B10F76661E44E45441C3E33604741BE9.e.171}]
Capabilities {acceptInsecureCerts: false, browserName: chrome, browserVersion: 135.0.7049.85, chrome: {chromedriverVersion: 135.0.7049.95 (de2eb485a195..., userDataDir: C:\Users\gayat\AppData\Loca...}, fedcm:accounts: true, goog:chromeOptions: {debuggerAddress: localhost:63242}, networkConnectionEnabled: false, pageLoadStrategy: normal, platformName: windows, proxy: Proxy(), se:cdp: ws://localhost:63242/devtoo..., se:cdpVersion: 135.0.7049.85, setWindowRect: true, strictFileInteractability: false, timeouts: {implicit: 0, pageLoad: 300000, script: 30000}, unhandledPromptBehavior: dismiss and notify, webauthn:extension:credBlob: true, webauthn:extension:largeBlob: true, webauthn:extension:minPinLength: true, webauthn:extension:prf: true, webauthn:virtualAuthenticators: true}
Element: [[[[ChromeDriver: chrome on windows (33816289b77aa6a193c123c05ecbff86)] -&gt; id: shift_id]] -&gt; tag name: option]
Session ID: 33816289b77aa6a193c123c05ecbff86
	at org.openqa.selenium.remote.codec.w3c.W3CHttpResponseCodec.decode(W3CHttpResponseCodec.java:136)
	at org.openqa.selenium.remote.codec.w3c.W3CHttpResponseCodec.decode(W3CHttpResponseCodec.java:50)
	at org.openqa.selenium.remote.HttpCommandExecutor.execute(HttpCommandExecutor.java:215)
	at org.openqa.selenium.remote.service.DriverCommandExecutor.invokeExecute(DriverCommandExecutor.java:216)
	at org.openqa.selenium.remote.service.DriverCommandExecutor.execute(DriverCommandExecutor.java:174)
	at org.openqa.selenium.remote.RemoteWebDriver.execute(RemoteWebDriver.java:545)
	at org.openqa.selenium.remote.RemoteWebElement.execute(RemoteWebElement.java:223)
	at org.openqa.selenium.remote.RemoteWebElement.getText(RemoteWebElement.java:191)
	at com.actions.PatientActions.AppointmentDetails(PatientActions.java:198)
	at com.definitions.PatientDefinition.the_user_can_fill_the_appointment_form(PatientDefinition.java:124)
	at ✽.the User can fill the appointment form(file:///C:/Users/gayat/git/Smart_Hospital_Cucumber/SmartHospitals_Cucumber/src/test/resources/Features/PatientAppointment.feature:12)
</pre></div><a href='#' onClick='toggleBox("stack-trace686790373", this, "Click to show all stack frames", "Click to hide stack frames")'>Click to show all stack frames</a>
<div class='stack-trace' id='stack-trace686790373'><pre>org.openqa.selenium.UnhandledAlertException: unexpected alert open: {Alert text : Appointment Time Is Expired}
  (Session info: chrome=135.0.7049.85): Appointment Time Is Expired
Build info: version: &apos;4.30.0&apos;, revision: &apos;509c7f17cc*&apos;
System info: os.name: &apos;Windows 11&apos;, os.arch: &apos;amd64&apos;, os.version: &apos;10.0&apos;, java.version: &apos;21.0.6&apos;
Driver info: org.openqa.selenium.chrome.ChromeDriver
Command: [33816289b77aa6a193c123c05ecbff86, getElementText {id=f.EA631C06EE071981DE7F81D43685263A.d.B10F76661E44E45441C3E33604741BE9.e.171}]
Capabilities {acceptInsecureCerts: false, browserName: chrome, browserVersion: 135.0.7049.85, chrome: {chromedriverVersion: 135.0.7049.95 (de2eb485a195..., userDataDir: C:\Users\gayat\AppData\Loca...}, fedcm:accounts: true, goog:chromeOptions: {debuggerAddress: localhost:63242}, networkConnectionEnabled: false, pageLoadStrategy: normal, platformName: windows, proxy: Proxy(), se:cdp: ws://localhost:63242/devtoo..., se:cdpVersion: 135.0.7049.85, setWindowRect: true, strictFileInteractability: false, timeouts: {implicit: 0, pageLoad: 300000, script: 30000}, unhandledPromptBehavior: dismiss and notify, webauthn:extension:credBlob: true, webauthn:extension:largeBlob: true, webauthn:extension:minPinLength: true, webauthn:extension:prf: true, webauthn:virtualAuthenticators: true}
Element: [[[[ChromeDriver: chrome on windows (33816289b77aa6a193c123c05ecbff86)] -&gt; id: shift_id]] -&gt; tag name: option]
Session ID: 33816289b77aa6a193c123c05ecbff86
	at org.openqa.selenium.remote.codec.w3c.W3CHttpResponseCodec.decode(W3CHttpResponseCodec.java:136)
	at org.openqa.selenium.remote.codec.w3c.W3CHttpResponseCodec.decode(W3CHttpResponseCodec.java:50)
	at org.openqa.selenium.remote.HttpCommandExecutor.execute(HttpCommandExecutor.java:215)
	at org.openqa.selenium.remote.service.DriverCommandExecutor.invokeExecute(DriverCommandExecutor.java:216)
	at org.openqa.selenium.remote.service.DriverCommandExecutor.execute(DriverCommandExecutor.java:174)
	at org.openqa.selenium.remote.RemoteWebDriver.execute(RemoteWebDriver.java:545)
	at org.openqa.selenium.remote.RemoteWebElement.execute(RemoteWebElement.java:223)
	at org.openqa.selenium.remote.RemoteWebElement.getText(RemoteWebElement.java:191)
	at com.actions.PatientActions.AppointmentDetails(PatientActions.java:198)
	at com.definitions.PatientDefinition.the_user_can_fill_the_appointment_form(PatientDefinition.java:124)
	at ✽.the User can fill the appointment form(file:///C:/Users/gayat/git/Smart_Hospital_Cucumber/SmartHospitals_Cucumber/src/test/resources/Features/PatientAppointment.feature:12)
</pre></div></td>
<td>41</td>
<td>com.runner.RunnerClass@1bb266b3</td></tr>
<tr>
<td title='com.runner.RunnerClass.runScenario()'><b>runScenario</b><br>Test class: com.runner.RunnerClass<br>Test method: Runs Cucumber Scenarios<br>Parameters: "Doctor tries to submit prescription with missing fields", "Doctor add Prescription for the Feature in Smart Hospital"</td>
<td><div><pre>org.openqa.selenium.TimeoutException: Expected condition failed: waiting for element to be clickable: [[ChromeDriver: chrome on windows (0134983411987ceaeb0ef7d5ad02468d)] -&gt; xpath: (//span[@class=&quot;select2-selection__arrow&quot;])[5]] (tried for 10 second(s) with 500 milliseconds interval)
Build info: version: &apos;4.30.0&apos;, revision: &apos;509c7f17cc*&apos;
System info: os.name: &apos;Windows 11&apos;, os.arch: &apos;amd64&apos;, os.version: &apos;10.0&apos;, java.version: &apos;21.0.6&apos;
Driver info: org.openqa.selenium.chrome.ChromeDriver
Capabilities {acceptInsecureCerts: false, browserName: chrome, browserVersion: 135.0.7049.85, chrome: {chromedriverVersion: 135.0.7049.95 (de2eb485a195..., userDataDir: C:\Users\gayat\AppData\Loca...}, fedcm:accounts: true, goog:chromeOptions: {debuggerAddress: localhost:63739}, networkConnectionEnabled: false, pageLoadStrategy: normal, platformName: windows, proxy: Proxy(), se:cdp: ws://localhost:63739/devtoo..., se:cdpVersion: 135.0.7049.85, setWindowRect: true, strictFileInteractability: false, timeouts: {implicit: 0, pageLoad: 300000, script: 30000}, unhandledPromptBehavior: dismiss and notify, webauthn:extension:credBlob: true, webauthn:extension:largeBlob: true, webauthn:extension:minPinLength: true, webauthn:extension:prf: true, webauthn:virtualAuthenticators: true}
Session ID: 0134983411987ceaeb0ef7d5ad02468d
	at org.openqa.selenium.support.ui.WebDriverWait.timeoutException(WebDriverWait.java:84)
	at org.openqa.selenium.support.ui.FluentWait.until(FluentWait.java:228)
	at com.actions.PrescriptionActions.selectFindingCategory(PrescriptionActions.java:28)
	at com.definitions.PrescriptionDefinition.the_doctor_fills_the_prescription_form_with(PrescriptionDefinition.java:50)
	at ✽.the doctor fills the prescription form with:(file:///C:/Users/gayat/git/Smart_Hospital_Cucumber/SmartHospitals_Cucumber/src/test/resources/Features/PrescriptionFeature.feature:8)
</pre></div><a href='#' onClick='toggleBox("stack-trace1118290428", this, "Click to show all stack frames", "Click to hide stack frames")'>Click to show all stack frames</a>
<div class='stack-trace' id='stack-trace1118290428'><pre>org.openqa.selenium.TimeoutException: Expected condition failed: waiting for element to be clickable: [[ChromeDriver: chrome on windows (0134983411987ceaeb0ef7d5ad02468d)] -&gt; xpath: (//span[@class=&quot;select2-selection__arrow&quot;])[5]] (tried for 10 second(s) with 500 milliseconds interval)
Build info: version: &apos;4.30.0&apos;, revision: &apos;509c7f17cc*&apos;
System info: os.name: &apos;Windows 11&apos;, os.arch: &apos;amd64&apos;, os.version: &apos;10.0&apos;, java.version: &apos;21.0.6&apos;
Driver info: org.openqa.selenium.chrome.ChromeDriver
Capabilities {acceptInsecureCerts: false, browserName: chrome, browserVersion: 135.0.7049.85, chrome: {chromedriverVersion: 135.0.7049.95 (de2eb485a195..., userDataDir: C:\Users\gayat\AppData\Loca...}, fedcm:accounts: true, goog:chromeOptions: {debuggerAddress: localhost:63739}, networkConnectionEnabled: false, pageLoadStrategy: normal, platformName: windows, proxy: Proxy(), se:cdp: ws://localhost:63739/devtoo..., se:cdpVersion: 135.0.7049.85, setWindowRect: true, strictFileInteractability: false, timeouts: {implicit: 0, pageLoad: 300000, script: 30000}, unhandledPromptBehavior: dismiss and notify, webauthn:extension:credBlob: true, webauthn:extension:largeBlob: true, webauthn:extension:minPinLength: true, webauthn:extension:prf: true, webauthn:virtualAuthenticators: true}
Session ID: 0134983411987ceaeb0ef7d5ad02468d
	at org.openqa.selenium.support.ui.WebDriverWait.timeoutException(WebDriverWait.java:84)
	at org.openqa.selenium.support.ui.FluentWait.until(FluentWait.java:228)
	at com.actions.PrescriptionActions.selectFindingCategory(PrescriptionActions.java:28)
	at com.definitions.PrescriptionDefinition.the_doctor_fills_the_prescription_form_with(PrescriptionDefinition.java:50)
	at ✽.the doctor fills the prescription form with:(file:///C:/Users/gayat/git/Smart_Hospital_Cucumber/SmartHospitals_Cucumber/src/test/resources/Features/PrescriptionFeature.feature:8)
</pre></div></td>
<td>50</td>
<td>com.runner.RunnerClass@1bb266b3</td></tr>
<tr>
<td title='com.runner.RunnerClass.runScenario()'><b>runScenario</b><br>Test class: com.runner.RunnerClass<br>Test method: Runs Cucumber Scenarios<br>Parameters: "Doctor discharging the patient by case ID", "Discharging the patient"</td>
<td><div><pre>org.openqa.selenium.StaleElementReferenceException: stale element reference: stale element not found
  (Session info: chrome=135.0.7049.85)
For documentation on this error, please visit: https://www.selenium.dev/documentation/webdriver/troubleshooting/errors#stale-element-reference-exception
Build info: version: &apos;4.30.0&apos;, revision: &apos;509c7f17cc*&apos;
System info: os.name: &apos;Windows 11&apos;, os.arch: &apos;amd64&apos;, os.version: &apos;10.0&apos;, java.version: &apos;21.0.6&apos;
Driver info: org.openqa.selenium.chrome.ChromeDriver
Command: [4caabe7fbd370a0e612b86b04373b142, isElementDisplayed {id=f.234DB8E8354FD41DF14CA04B8EA03126.d.4654A1F0A12D034BFF8C326BF2A5E8E2.e.749}]
Capabilities {acceptInsecureCerts: false, browserName: chrome, browserVersion: 135.0.7049.85, chrome: {chromedriverVersion: 135.0.7049.95 (de2eb485a195..., userDataDir: C:\Users\gayat\AppData\Loca...}, fedcm:accounts: true, goog:chromeOptions: {debuggerAddress: localhost:63417}, networkConnectionEnabled: false, pageLoadStrategy: normal, platformName: windows, proxy: Proxy(), se:cdp: ws://localhost:63417/devtoo..., se:cdpVersion: 135.0.7049.85, setWindowRect: true, strictFileInteractability: false, timeouts: {implicit: 0, pageLoad: 300000, script: 30000}, unhandledPromptBehavior: dismiss and notify, webauthn:extension:credBlob: true, webauthn:extension:largeBlob: true, webauthn:extension:minPinLength: true, webauthn:extension:prf: true, webauthn:virtualAuthenticators: true}
Element: [[ChromeDriver: chrome on windows (4caabe7fbd370a0e612b86b04373b142)] -&gt; xpath: //div[@id=&quot;overview&quot;]/div/div[1]/div[1]/h3]
Session ID: 4caabe7fbd370a0e612b86b04373b142
	at org.openqa.selenium.remote.ErrorCodec.decode(ErrorCodec.java:167)
	at org.openqa.selenium.remote.codec.w3c.W3CHttpResponseCodec.decode(W3CHttpResponseCodec.java:138)
	at org.openqa.selenium.remote.codec.w3c.W3CHttpResponseCodec.decode(W3CHttpResponseCodec.java:50)
	at org.openqa.selenium.remote.HttpCommandExecutor.execute(HttpCommandExecutor.java:215)
	at org.openqa.selenium.remote.service.DriverCommandExecutor.invokeExecute(DriverCommandExecutor.java:216)
	at org.openqa.selenium.remote.service.DriverCommandExecutor.execute(DriverCommandExecutor.java:174)
	at org.openqa.selenium.remote.RemoteWebDriver.execute(RemoteWebDriver.java:545)
	at org.openqa.selenium.remote.RemoteWebElement.execute(RemoteWebElement.java:223)
	at org.openqa.selenium.remote.RemoteWebElement.isDisplayed(RemoteWebElement.java:282)
	at org.openqa.selenium.support.pagefactory.internal.LocatingElementHandler.invoke(LocatingElementHandler.java:51)
	at jdk.proxy2/jdk.proxy2.$Proxy31.isDisplayed(Unknown Source)
	at org.openqa.selenium.support.ui.ExpectedConditions.elementIfVisible(ExpectedConditions.java:304)
	at org.openqa.selenium.support.ui.ExpectedConditions$10.apply(ExpectedConditions.java:290)
	at org.openqa.selenium.support.ui.ExpectedConditions$10.apply(ExpectedConditions.java:287)
	at org.openqa.selenium.support.ui.FluentWait.until(FluentWait.java:203)
	at com.actions.PatientDischargeActions.getPatientID(PatientDischargeActions.java:37)
	at com.definitions.PatientDischargeDefinition.the_doctor_should_save_the_discharge_status(PatientDischargeDefinition.java:78)
	at ✽.the Doctor should save the Discharge status(file:///C:/Users/gayat/git/Smart_Hospital_Cucumber/SmartHospitals_Cucumber/src/test/resources/Features/PatientDischarge.feature:39)
... Removed 5 stack frames</pre></div><a href='#' onClick='toggleBox("stack-trace1749504554", this, "Click to show all stack frames", "Click to hide stack frames")'>Click to show all stack frames</a>
<div class='stack-trace' id='stack-trace1749504554'><pre>org.openqa.selenium.StaleElementReferenceException: stale element reference: stale element not found
  (Session info: chrome=135.0.7049.85)
For documentation on this error, please visit: https://www.selenium.dev/documentation/webdriver/troubleshooting/errors#stale-element-reference-exception
Build info: version: &apos;4.30.0&apos;, revision: &apos;509c7f17cc*&apos;
System info: os.name: &apos;Windows 11&apos;, os.arch: &apos;amd64&apos;, os.version: &apos;10.0&apos;, java.version: &apos;21.0.6&apos;
Driver info: org.openqa.selenium.chrome.ChromeDriver
Command: [4caabe7fbd370a0e612b86b04373b142, isElementDisplayed {id=f.234DB8E8354FD41DF14CA04B8EA03126.d.4654A1F0A12D034BFF8C326BF2A5E8E2.e.749}]
Capabilities {acceptInsecureCerts: false, browserName: chrome, browserVersion: 135.0.7049.85, chrome: {chromedriverVersion: 135.0.7049.95 (de2eb485a195..., userDataDir: C:\Users\gayat\AppData\Loca...}, fedcm:accounts: true, goog:chromeOptions: {debuggerAddress: localhost:63417}, networkConnectionEnabled: false, pageLoadStrategy: normal, platformName: windows, proxy: Proxy(), se:cdp: ws://localhost:63417/devtoo..., se:cdpVersion: 135.0.7049.85, setWindowRect: true, strictFileInteractability: false, timeouts: {implicit: 0, pageLoad: 300000, script: 30000}, unhandledPromptBehavior: dismiss and notify, webauthn:extension:credBlob: true, webauthn:extension:largeBlob: true, webauthn:extension:minPinLength: true, webauthn:extension:prf: true, webauthn:virtualAuthenticators: true}
Element: [[ChromeDriver: chrome on windows (4caabe7fbd370a0e612b86b04373b142)] -&gt; xpath: //div[@id=&quot;overview&quot;]/div/div[1]/div[1]/h3]
Session ID: 4caabe7fbd370a0e612b86b04373b142
	at java.base/jdk.internal.reflect.DirectConstructorHandleAccessor.newInstance(DirectConstructorHandleAccessor.java:62)
	at java.base/java.lang.reflect.Constructor.newInstanceWithCaller(Constructor.java:502)
	at java.base/java.lang.reflect.Constructor.newInstance(Constructor.java:486)
	at org.openqa.selenium.remote.ErrorCodec.decode(ErrorCodec.java:167)
	at org.openqa.selenium.remote.codec.w3c.W3CHttpResponseCodec.decode(W3CHttpResponseCodec.java:138)
	at org.openqa.selenium.remote.codec.w3c.W3CHttpResponseCodec.decode(W3CHttpResponseCodec.java:50)
	at org.openqa.selenium.remote.HttpCommandExecutor.execute(HttpCommandExecutor.java:215)
	at org.openqa.selenium.remote.service.DriverCommandExecutor.invokeExecute(DriverCommandExecutor.java:216)
	at org.openqa.selenium.remote.service.DriverCommandExecutor.execute(DriverCommandExecutor.java:174)
	at org.openqa.selenium.remote.RemoteWebDriver.execute(RemoteWebDriver.java:545)
	at org.openqa.selenium.remote.RemoteWebElement.execute(RemoteWebElement.java:223)
	at org.openqa.selenium.remote.RemoteWebElement.isDisplayed(RemoteWebElement.java:282)
	at java.base/jdk.internal.reflect.DirectMethodHandleAccessor.invoke(DirectMethodHandleAccessor.java:103)
	at java.base/java.lang.reflect.Method.invoke(Method.java:580)
	at org.openqa.selenium.support.pagefactory.internal.LocatingElementHandler.invoke(LocatingElementHandler.java:51)
	at jdk.proxy2/jdk.proxy2.$Proxy31.isDisplayed(Unknown Source)
	at org.openqa.selenium.support.ui.ExpectedConditions.elementIfVisible(ExpectedConditions.java:304)
	at org.openqa.selenium.support.ui.ExpectedConditions$10.apply(ExpectedConditions.java:290)
	at org.openqa.selenium.support.ui.ExpectedConditions$10.apply(ExpectedConditions.java:287)
	at org.openqa.selenium.support.ui.FluentWait.until(FluentWait.java:203)
	at com.actions.PatientDischargeActions.getPatientID(PatientDischargeActions.java:37)
	at com.definitions.PatientDischargeDefinition.the_doctor_should_save_the_discharge_status(PatientDischargeDefinition.java:78)
	at ✽.the Doctor should save the Discharge status(file:///C:/Users/gayat/git/Smart_Hospital_Cucumber/SmartHospitals_Cucumber/src/test/resources/Features/PatientDischarge.feature:39)
</pre></div></td>
<td>51</td>
<td>com.runner.RunnerClass@1bb266b3</td></tr>
<tr>
<td title='com.runner.RunnerClass.runScenario()'><b>runScenario</b><br>Test class: com.runner.RunnerClass<br>Test method: Runs Cucumber Scenarios<br>Parameters: "Doctor tries to submit prescription with missing fields", "Doctor add Prescription for the Feature in Smart Hospital"</td>
<td><div><pre>org.openqa.selenium.TimeoutException: Expected condition failed: waiting for element to be clickable: [[ChromeDriver: chrome on windows (4e5dda9313d0a95cc9dda721076966f4)] -&gt; xpath: (//span[@class=&quot;select2-selection__arrow&quot;])[5]] (tried for 10 second(s) with 500 milliseconds interval)
Build info: version: &apos;4.30.0&apos;, revision: &apos;509c7f17cc*&apos;
System info: os.name: &apos;Windows 11&apos;, os.arch: &apos;amd64&apos;, os.version: &apos;10.0&apos;, java.version: &apos;21.0.6&apos;
Driver info: org.openqa.selenium.chrome.ChromeDriver
Capabilities {acceptInsecureCerts: false, browserName: chrome, browserVersion: 135.0.7049.85, chrome: {chromedriverVersion: 135.0.7049.95 (de2eb485a195..., userDataDir: C:\Users\gayat\AppData\Loca...}, fedcm:accounts: true, goog:chromeOptions: {debuggerAddress: localhost:63697}, networkConnectionEnabled: false, pageLoadStrategy: normal, platformName: windows, proxy: Proxy(), se:cdp: ws://localhost:63697/devtoo..., se:cdpVersion: 135.0.7049.85, setWindowRect: true, strictFileInteractability: false, timeouts: {implicit: 0, pageLoad: 300000, script: 30000}, unhandledPromptBehavior: dismiss and notify, webauthn:extension:credBlob: true, webauthn:extension:largeBlob: true, webauthn:extension:minPinLength: true, webauthn:extension:prf: true, webauthn:virtualAuthenticators: true}
Session ID: 4e5dda9313d0a95cc9dda721076966f4
	at org.openqa.selenium.support.ui.WebDriverWait.timeoutException(WebDriverWait.java:84)
	at org.openqa.selenium.support.ui.FluentWait.until(FluentWait.java:228)
	at com.actions.PrescriptionActions.selectFindingCategory(PrescriptionActions.java:28)
	at com.definitions.PrescriptionDefinition.the_doctor_fills_the_prescription_form_with(PrescriptionDefinition.java:50)
	at ✽.the doctor fills the prescription form with:(file:///C:/Users/gayat/git/Smart_Hospital_Cucumber/SmartHospitals_Cucumber/src/test/resources/Features/PrescriptionFeature.feature:8)
</pre></div><a href='#' onClick='toggleBox("stack-trace1450508408", this, "Click to show all stack frames", "Click to hide stack frames")'>Click to show all stack frames</a>
<div class='stack-trace' id='stack-trace1450508408'><pre>org.openqa.selenium.TimeoutException: Expected condition failed: waiting for element to be clickable: [[ChromeDriver: chrome on windows (4e5dda9313d0a95cc9dda721076966f4)] -&gt; xpath: (//span[@class=&quot;select2-selection__arrow&quot;])[5]] (tried for 10 second(s) with 500 milliseconds interval)
Build info: version: &apos;4.30.0&apos;, revision: &apos;509c7f17cc*&apos;
System info: os.name: &apos;Windows 11&apos;, os.arch: &apos;amd64&apos;, os.version: &apos;10.0&apos;, java.version: &apos;21.0.6&apos;
Driver info: org.openqa.selenium.chrome.ChromeDriver
Capabilities {acceptInsecureCerts: false, browserName: chrome, browserVersion: 135.0.7049.85, chrome: {chromedriverVersion: 135.0.7049.95 (de2eb485a195..., userDataDir: C:\Users\gayat\AppData\Loca...}, fedcm:accounts: true, goog:chromeOptions: {debuggerAddress: localhost:63697}, networkConnectionEnabled: false, pageLoadStrategy: normal, platformName: windows, proxy: Proxy(), se:cdp: ws://localhost:63697/devtoo..., se:cdpVersion: 135.0.7049.85, setWindowRect: true, strictFileInteractability: false, timeouts: {implicit: 0, pageLoad: 300000, script: 30000}, unhandledPromptBehavior: dismiss and notify, webauthn:extension:credBlob: true, webauthn:extension:largeBlob: true, webauthn:extension:minPinLength: true, webauthn:extension:prf: true, webauthn:virtualAuthenticators: true}
Session ID: 4e5dda9313d0a95cc9dda721076966f4
	at org.openqa.selenium.support.ui.WebDriverWait.timeoutException(WebDriverWait.java:84)
	at org.openqa.selenium.support.ui.FluentWait.until(FluentWait.java:228)
	at com.actions.PrescriptionActions.selectFindingCategory(PrescriptionActions.java:28)
	at com.definitions.PrescriptionDefinition.the_doctor_fills_the_prescription_form_with(PrescriptionDefinition.java:50)
	at ✽.the doctor fills the prescription form with:(file:///C:/Users/gayat/git/Smart_Hospital_Cucumber/SmartHospitals_Cucumber/src/test/resources/Features/PrescriptionFeature.feature:8)
</pre></div></td>
<td>56</td>
<td>com.runner.RunnerClass@1bb266b3</td></tr>
<tr>
<td title='com.runner.RunnerClass.runScenario()'><b>runScenario</b><br>Test class: com.runner.RunnerClass<br>Test method: Runs Cucumber Scenarios<br>Parameters: "verify the prescription feature by providing valid informations", "Doctor add Prescription for the Feature in Smart Hospital"</td>
<td><div><pre>org.openqa.selenium.TimeoutException: Expected condition failed: waiting for visibility of [[ChromeDriver: chrome on windows (304f240a2a626d11824414510c3f9105)] -&gt; xpath: //h4[@id=&quot;prescription_title&quot;]] (tried for 10 second(s) with 500 milliseconds interval)
Build info: version: &apos;4.30.0&apos;, revision: &apos;509c7f17cc*&apos;
System info: os.name: &apos;Windows 11&apos;, os.arch: &apos;amd64&apos;, os.version: &apos;10.0&apos;, java.version: &apos;21.0.6&apos;
Driver info: org.openqa.selenium.chrome.ChromeDriver
Capabilities {acceptInsecureCerts: false, browserName: chrome, browserVersion: 135.0.7049.85, chrome: {chromedriverVersion: 135.0.7049.95 (de2eb485a195..., userDataDir: C:\Users\gayat\AppData\Loca...}, fedcm:accounts: true, goog:chromeOptions: {debuggerAddress: localhost:63870}, networkConnectionEnabled: false, pageLoadStrategy: normal, platformName: windows, proxy: Proxy(), se:cdp: ws://localhost:63870/devtoo..., se:cdpVersion: 135.0.7049.85, setWindowRect: true, strictFileInteractability: false, timeouts: {implicit: 0, pageLoad: 300000, script: 30000}, unhandledPromptBehavior: dismiss and notify, webauthn:extension:credBlob: true, webauthn:extension:largeBlob: true, webauthn:extension:minPinLength: true, webauthn:extension:prf: true, webauthn:virtualAuthenticators: true}
Session ID: 304f240a2a626d11824414510c3f9105
	at org.openqa.selenium.support.ui.WebDriverWait.timeoutException(WebDriverWait.java:84)
	at org.openqa.selenium.support.ui.FluentWait.until(FluentWait.java:228)
	at com.actions.PrescriptionActions.assertPP(PrescriptionActions.java:76)
	at com.definitions.PrescriptionDefinition.the_doctor_should_navigate_to_the_prescription_page(PrescriptionDefinition.java:27)
	at ✽.the doctor should navigate to the Prescription Page(file:///C:/Users/gayat/git/Smart_Hospital_Cucumber/SmartHospitals_Cucumber/src/test/resources/Features/PrescriptionFeature.feature:24)
</pre></div><a href='#' onClick='toggleBox("stack-trace536338122", this, "Click to show all stack frames", "Click to hide stack frames")'>Click to show all stack frames</a>
<div class='stack-trace' id='stack-trace536338122'><pre>org.openqa.selenium.TimeoutException: Expected condition failed: waiting for visibility of [[ChromeDriver: chrome on windows (304f240a2a626d11824414510c3f9105)] -&gt; xpath: //h4[@id=&quot;prescription_title&quot;]] (tried for 10 second(s) with 500 milliseconds interval)
Build info: version: &apos;4.30.0&apos;, revision: &apos;509c7f17cc*&apos;
System info: os.name: &apos;Windows 11&apos;, os.arch: &apos;amd64&apos;, os.version: &apos;10.0&apos;, java.version: &apos;21.0.6&apos;
Driver info: org.openqa.selenium.chrome.ChromeDriver
Capabilities {acceptInsecureCerts: false, browserName: chrome, browserVersion: 135.0.7049.85, chrome: {chromedriverVersion: 135.0.7049.95 (de2eb485a195..., userDataDir: C:\Users\gayat\AppData\Loca...}, fedcm:accounts: true, goog:chromeOptions: {debuggerAddress: localhost:63870}, networkConnectionEnabled: false, pageLoadStrategy: normal, platformName: windows, proxy: Proxy(), se:cdp: ws://localhost:63870/devtoo..., se:cdpVersion: 135.0.7049.85, setWindowRect: true, strictFileInteractability: false, timeouts: {implicit: 0, pageLoad: 300000, script: 30000}, unhandledPromptBehavior: dismiss and notify, webauthn:extension:credBlob: true, webauthn:extension:largeBlob: true, webauthn:extension:minPinLength: true, webauthn:extension:prf: true, webauthn:virtualAuthenticators: true}
Session ID: 304f240a2a626d11824414510c3f9105
	at org.openqa.selenium.support.ui.WebDriverWait.timeoutException(WebDriverWait.java:84)
	at org.openqa.selenium.support.ui.FluentWait.until(FluentWait.java:228)
	at com.actions.PrescriptionActions.assertPP(PrescriptionActions.java:76)
	at com.definitions.PrescriptionDefinition.the_doctor_should_navigate_to_the_prescription_page(PrescriptionDefinition.java:27)
	at ✽.the doctor should navigate to the Prescription Page(file:///C:/Users/gayat/git/Smart_Hospital_Cucumber/SmartHospitals_Cucumber/src/test/resources/Features/PrescriptionFeature.feature:24)
</pre></div></td>
<td>47</td>
<td>com.runner.RunnerClass@1bb266b3</td></tr>
<tr>
<td title='com.runner.RunnerClass.runScenario()'><b>runScenario</b><br>Test class: com.runner.RunnerClass<br>Test method: Runs Cucumber Scenarios<br>Parameters: "Doctor discharging the patient", "Discharging the patient"</td>
<td><div><pre>io.cucumber.core.exception.CucumberException: Step [the Doctor provides the discharge details] is defined with 1 parameters at &apos;com.definitions.PatientDischargeDefinition.the_doctor_provides_the_discharge_details(io.cucumber.datatable.DataTable)&apos;.
However, the gherkin step has 0 arguments.
Step text: the Doctor provides the discharge details
	at io.cucumber.core.runner.PickleStepDefinitionMatch.arityMismatch(PickleStepDefinitionMatch.java:82)
	at io.cucumber.core.runner.PickleStepDefinitionMatch.runStep(PickleStepDefinitionMatch.java:41)
	at io.cucumber.core.runner.ExecutionMode$1.execute(ExecutionMode.java:10)
	at io.cucumber.core.runner.TestStep.executeStep(TestStep.java:81)
	at io.cucumber.core.runner.TestStep.run(TestStep.java:53)
	at io.cucumber.core.runner.PickleStepTestStep.run(PickleStepTestStep.java:51)
	at io.cucumber.core.runner.TestCase.run(TestCase.java:84)
	at io.cucumber.core.runner.Runner.runPickle(Runner.java:75)
	at io.cucumber.testng.TestNGCucumberRunner.lambda$runScenario$1(TestNGCucumberRunner.java:135)
	at io.cucumber.core.runtime.CucumberExecutionContext.lambda$runTestCase$5(CucumberExecutionContext.java:136)
	at io.cucumber.core.runtime.RethrowingThrowableCollector.executeAndThrow(RethrowingThrowableCollector.java:23)
	at io.cucumber.core.runtime.CucumberExecutionContext.runTestCase(CucumberExecutionContext.java:136)
	at io.cucumber.testng.TestNGCucumberRunner.runScenario(TestNGCucumberRunner.java:132)
	at io.cucumber.testng.AbstractTestNGCucumberTests.runScenario(AbstractTestNGCucumberTests.java:35)
	at java.base/java.util.concurrent.ThreadPoolExecutor.runWorker(ThreadPoolExecutor.java:1144)
	at java.base/java.util.concurrent.ThreadPoolExecutor$Worker.run(ThreadPoolExecutor.java:642)
	at java.base/java.lang.Thread.run(Thread.java:1583)
... Removed 7 stack frames</pre></div><a href='#' onClick='toggleBox("stack-trace813797039", this, "Click to show all stack frames", "Click to hide stack frames")'>Click to show all stack frames</a>
<div class='stack-trace' id='stack-trace813797039'><pre>io.cucumber.core.exception.CucumberException: Step [the Doctor provides the discharge details] is defined with 1 parameters at &apos;com.definitions.PatientDischargeDefinition.the_doctor_provides_the_discharge_details(io.cucumber.datatable.DataTable)&apos;.
However, the gherkin step has 0 arguments.
Step text: the Doctor provides the discharge details
	at io.cucumber.core.runner.PickleStepDefinitionMatch.arityMismatch(PickleStepDefinitionMatch.java:82)
	at io.cucumber.core.runner.PickleStepDefinitionMatch.runStep(PickleStepDefinitionMatch.java:41)
	at io.cucumber.core.runner.ExecutionMode$1.execute(ExecutionMode.java:10)
	at io.cucumber.core.runner.TestStep.executeStep(TestStep.java:81)
	at io.cucumber.core.runner.TestStep.run(TestStep.java:53)
	at io.cucumber.core.runner.PickleStepTestStep.run(PickleStepTestStep.java:51)
	at io.cucumber.core.runner.TestCase.run(TestCase.java:84)
	at io.cucumber.core.runner.Runner.runPickle(Runner.java:75)
	at io.cucumber.testng.TestNGCucumberRunner.lambda$runScenario$1(TestNGCucumberRunner.java:135)
	at io.cucumber.core.runtime.CucumberExecutionContext.lambda$runTestCase$5(CucumberExecutionContext.java:136)
	at io.cucumber.core.runtime.RethrowingThrowableCollector.executeAndThrow(RethrowingThrowableCollector.java:23)
	at io.cucumber.core.runtime.CucumberExecutionContext.runTestCase(CucumberExecutionContext.java:136)
	at io.cucumber.testng.TestNGCucumberRunner.runScenario(TestNGCucumberRunner.java:132)
	at io.cucumber.testng.AbstractTestNGCucumberTests.runScenario(AbstractTestNGCucumberTests.java:35)
	at java.base/jdk.internal.reflect.DirectMethodHandleAccessor.invoke(DirectMethodHandleAccessor.java:103)
	at java.base/java.lang.reflect.Method.invoke(Method.java:580)
	at org.testng.internal.invokers.MethodInvocationHelper.invokeMethod(MethodInvocationHelper.java:141)
	at org.testng.internal.invokers.TestInvoker.invokeMethod(TestInvoker.java:687)
	at org.testng.internal.invokers.TestInvoker.invokeTestMethod(TestInvoker.java:230)
	at org.testng.internal.invokers.TestMethodWithDataProviderMethodWorker.call(TestMethodWithDataProviderMethodWorker.java:81)
	at org.testng.internal.thread.Async$AsyncTask.run(Async.java:34)
	at java.base/java.util.concurrent.ThreadPoolExecutor.runWorker(ThreadPoolExecutor.java:1144)
	at java.base/java.util.concurrent.ThreadPoolExecutor$Worker.run(ThreadPoolExecutor.java:642)
	at java.base/java.lang.Thread.run(Thread.java:1583)
</pre></div></td>
<td>49</td>
<td>com.runner.RunnerClass@1bb266b3</td></tr>
<tr>
<td title='com.runner.RunnerClass.runScenario()'><b>runScenario</b><br>Test class: com.runner.RunnerClass<br>Test method: Runs Cucumber Scenarios<br>Parameters: "Doctor tries to submit prescription with missing fields", "Doctor add Prescription for the Feature in Smart Hospital"</td>
<td><div><pre>org.openqa.selenium.TimeoutException: Expected condition failed: waiting for element to be clickable: [[ChromeDriver: chrome on windows (28b1cd40ded1da0bd98c24e2f957f76f)] -&gt; xpath: (//span[@class=&quot;select2-selection__arrow&quot;])[5]] (tried for 10 second(s) with 500 milliseconds interval)
Build info: version: &apos;4.30.0&apos;, revision: &apos;509c7f17cc*&apos;
System info: os.name: &apos;Windows 11&apos;, os.arch: &apos;amd64&apos;, os.version: &apos;10.0&apos;, java.version: &apos;21.0.6&apos;
Driver info: org.openqa.selenium.chrome.ChromeDriver
Capabilities {acceptInsecureCerts: false, browserName: chrome, browserVersion: 135.0.7049.85, chrome: {chromedriverVersion: 135.0.7049.95 (de2eb485a195..., userDataDir: C:\Users\gayat\AppData\Loca...}, fedcm:accounts: true, goog:chromeOptions: {debuggerAddress: localhost:63738}, networkConnectionEnabled: false, pageLoadStrategy: normal, platformName: windows, proxy: Proxy(), se:cdp: ws://localhost:63738/devtoo..., se:cdpVersion: 135.0.7049.85, setWindowRect: true, strictFileInteractability: false, timeouts: {implicit: 0, pageLoad: 300000, script: 30000}, unhandledPromptBehavior: dismiss and notify, webauthn:extension:credBlob: true, webauthn:extension:largeBlob: true, webauthn:extension:minPinLength: true, webauthn:extension:prf: true, webauthn:virtualAuthenticators: true}
Session ID: 28b1cd40ded1da0bd98c24e2f957f76f
	at org.openqa.selenium.support.ui.WebDriverWait.timeoutException(WebDriverWait.java:84)
	at org.openqa.selenium.support.ui.FluentWait.until(FluentWait.java:228)
	at com.actions.PrescriptionActions.selectFindingCategory(PrescriptionActions.java:28)
	at com.definitions.PrescriptionDefinition.the_doctor_fills_the_prescription_form_with(PrescriptionDefinition.java:50)
	at ✽.the doctor fills the prescription form with:(file:///C:/Users/gayat/git/Smart_Hospital_Cucumber/SmartHospitals_Cucumber/src/test/resources/Features/PrescriptionFeature.feature:8)
</pre></div><a href='#' onClick='toggleBox("stack-trace938711533", this, "Click to show all stack frames", "Click to hide stack frames")'>Click to show all stack frames</a>
<div class='stack-trace' id='stack-trace938711533'><pre>org.openqa.selenium.TimeoutException: Expected condition failed: waiting for element to be clickable: [[ChromeDriver: chrome on windows (28b1cd40ded1da0bd98c24e2f957f76f)] -&gt; xpath: (//span[@class=&quot;select2-selection__arrow&quot;])[5]] (tried for 10 second(s) with 500 milliseconds interval)
Build info: version: &apos;4.30.0&apos;, revision: &apos;509c7f17cc*&apos;
System info: os.name: &apos;Windows 11&apos;, os.arch: &apos;amd64&apos;, os.version: &apos;10.0&apos;, java.version: &apos;21.0.6&apos;
Driver info: org.openqa.selenium.chrome.ChromeDriver
Capabilities {acceptInsecureCerts: false, browserName: chrome, browserVersion: 135.0.7049.85, chrome: {chromedriverVersion: 135.0.7049.95 (de2eb485a195..., userDataDir: C:\Users\gayat\AppData\Loca...}, fedcm:accounts: true, goog:chromeOptions: {debuggerAddress: localhost:63738}, networkConnectionEnabled: false, pageLoadStrategy: normal, platformName: windows, proxy: Proxy(), se:cdp: ws://localhost:63738/devtoo..., se:cdpVersion: 135.0.7049.85, setWindowRect: true, strictFileInteractability: false, timeouts: {implicit: 0, pageLoad: 300000, script: 30000}, unhandledPromptBehavior: dismiss and notify, webauthn:extension:credBlob: true, webauthn:extension:largeBlob: true, webauthn:extension:minPinLength: true, webauthn:extension:prf: true, webauthn:virtualAuthenticators: true}
Session ID: 28b1cd40ded1da0bd98c24e2f957f76f
	at org.openqa.selenium.support.ui.WebDriverWait.timeoutException(WebDriverWait.java:84)
	at org.openqa.selenium.support.ui.FluentWait.until(FluentWait.java:228)
	at com.actions.PrescriptionActions.selectFindingCategory(PrescriptionActions.java:28)
	at com.definitions.PrescriptionDefinition.the_doctor_fills_the_prescription_form_with(PrescriptionDefinition.java:50)
	at ✽.the doctor fills the prescription form with:(file:///C:/Users/gayat/git/Smart_Hospital_Cucumber/SmartHospitals_Cucumber/src/test/resources/Features/PrescriptionFeature.feature:8)
</pre></div></td>
<td>50</td>
<td>com.runner.RunnerClass@1bb266b3</td></tr>
</table><p>
<table width='100%' border='1' class='invocation-passed'>
<tr><td colspan='4' align='center'><b>PASSED TESTS</b></td></tr>
<tr><td><b>Test method</b></td>
<td><b>Attribute(s)</b></td>
<td width="30%"><b>Exception</b></td>
<td width="10%"><b>Time (seconds)</b></td>
<td><b>Instance</b></td>
</tr>
<tr>
<td title='com.runner.RunnerClass.runScenario()'><b>runScenario</b><br>Test class: com.runner.RunnerClass<br>Test method: Runs Cucumber Scenarios<br>Parameters: "Doctor tries to add a new patient without entering the day", "Manage Appointments in Smart Hospital"</td>
<td></td>
<td>58</td>
<td>com.runner.RunnerClass@1bb266b3</td></tr>
<tr>
<td title='com.runner.RunnerClass.runScenario()'><b>runScenario</b><br>Test class: com.runner.RunnerClass<br>Test method: Runs Cucumber Scenarios<br>Parameters: "Verify the added patient can be deleted in OPD section", "Doctor add Prescription for the Feature in Smart Hospital"</td>
<td></td>
<td>39</td>
<td>com.runner.RunnerClass@1bb266b3</td></tr>
<tr>
<td title='com.runner.RunnerClass.runScenario()'><b>runScenario</b><br>Test class: com.runner.RunnerClass<br>Test method: Runs Cucumber Scenarios<br>Parameters: "To check with Invalid password for patient", "Login with the Patient Login Credentials"</td>
<td></td>
<td>36</td>
<td>com.runner.RunnerClass@1bb266b3</td></tr>
<tr>
<td title='com.runner.RunnerClass.runScenario()'><b>runScenario</b><br>Test class: com.runner.RunnerClass<br>Test method: Runs Cucumber Scenarios<br>Parameters: "Doctor tries to add a new patient without entering the name", "Manage Appointments in Smart Hospital"</td>
<td></td>
<td>58</td>
<td>com.runner.RunnerClass@1bb266b3</td></tr>
<tr>
<td title='com.runner.RunnerClass.runScenario()'><b>runScenario</b><br>Test class: com.runner.RunnerClass<br>Test method: Runs Cucumber Scenarios<br>Parameters: "Verify the added prescription is visible in the OPD section", "Doctor add Prescription for the Feature in Smart Hospital"</td>
<td></td>
<td>41</td>
<td>com.runner.RunnerClass@1bb266b3</td></tr>
<tr>
<td title='com.runner.RunnerClass.runScenario()'><b>runScenario</b><br>Test class: com.runner.RunnerClass<br>Test method: Runs Cucumber Scenarios<br>Parameters: "Add New Expense with Invalid Data", "Accountant Dashboard Functionalities"</td>
<td></td>
<td>46</td>
<td>com.runner.RunnerClass@1bb266b3</td></tr>
<tr>
<td title='com.runner.RunnerClass.runScenario()'><b>runScenario</b><br>Test class: com.runner.RunnerClass<br>Test method: Runs Cucumber Scenarios<br>Parameters: "Attempt to login with missing password", "Login functionality for the Smart Hospital website"</td>
<td></td>
<td>19</td>
<td>com.runner.RunnerClass@1bb266b3</td></tr>
<tr>
<td title='com.runner.RunnerClass.runScenario()'><b>runScenario</b><br>Test class: com.runner.RunnerClass<br>Test method: Runs Cucumber Scenarios<br>Parameters: "Add New Expense and Verify", "Accountant Dashboard Functionalities"</td>
<td></td>
<td>48</td>
<td>com.runner.RunnerClass@1bb266b3</td></tr>
<tr>
<td title='com.runner.RunnerClass.runScenario()'><b>runScenario</b><br>Test class: com.runner.RunnerClass<br>Test method: Runs Cucumber Scenarios<br>Parameters: "Doctor tries to create an appointment with an expired time slot", "Manage Appointments in Smart Hospital"</td>
<td></td>
<td>59</td>
<td>com.runner.RunnerClass@1bb266b3</td></tr>
<tr>
<td title='com.runner.RunnerClass.runScenario()'><b>runScenario</b><br>Test class: com.runner.RunnerClass<br>Test method: Runs Cucumber Scenarios<br>Parameters: "Attempt to login with missing password", "Login functionality for the Smart Hospital website"</td>
<td></td>
<td>32</td>
<td>com.runner.RunnerClass@1bb266b3</td></tr>
<tr>
<td title='com.runner.RunnerClass.runScenario()'><b>runScenario</b><br>Test class: com.runner.RunnerClass<br>Test method: Runs Cucumber Scenarios<br>Parameters: "Verify the Login with roles", "Login functionality for the Smart Hospital website"</td>
<td></td>
<td>22</td>
<td>com.runner.RunnerClass@1bb266b3</td></tr>
<tr>
<td title='com.runner.RunnerClass.runScenario()'><b>runScenario</b><br>Test class: com.runner.RunnerClass<br>Test method: Runs Cucumber Scenarios<br>Parameters: "Doctor creates a new appointment for a new patient", "Manage Appointments in Smart Hospital"</td>
<td></td>
<td>59</td>
<td>com.runner.RunnerClass@1bb266b3</td></tr>
<tr>
<td title='com.runner.RunnerClass.runScenario()'><b>runScenario</b><br>Test class: com.runner.RunnerClass<br>Test method: Runs Cucumber Scenarios<br>Parameters: "Attempt to login with missing username", "Login functionality for the Smart Hospital website"</td>
<td></td>
<td>10</td>
<td>com.runner.RunnerClass@1bb266b3</td></tr>
<tr>
<td title='com.runner.RunnerClass.runScenario()'><b>runScenario</b><br>Test class: com.runner.RunnerClass<br>Test method: Runs Cucumber Scenarios<br>Parameters: "Doctor discharging without providing discharging date", "Discharging the patient"</td>
<td></td>
<td>50</td>
<td>com.runner.RunnerClass@1bb266b3</td></tr>
<tr>
<td title='com.runner.RunnerClass.runScenario()'><b>runScenario</b><br>Test class: com.runner.RunnerClass<br>Test method: Runs Cucumber Scenarios<br>Parameters: "Doctor tries to add a new patient without entering the year", "Manage Appointments in Smart Hospital"</td>
<td></td>
<td>62</td>
<td>com.runner.RunnerClass@1bb266b3</td></tr>
<tr>
<td title='com.runner.RunnerClass.runScenario()'><b>runScenario</b><br>Test class: com.runner.RunnerClass<br>Test method: Runs Cucumber Scenarios<br>Parameters: "Verify that a searched patient can be deleted", "Search Patient by Name In Smart Hospital"</td>
<td></td>
<td>38</td>
<td>com.runner.RunnerClass@1bb266b3</td></tr>
<tr>
<td title='com.runner.RunnerClass.runScenario()'><b>runScenario</b><br>Test class: com.runner.RunnerClass<br>Test method: Runs Cucumber Scenarios<br>Parameters: "Doctor tries to add a new patient without entering the Month", "Manage Appointments in Smart Hospital"</td>
<td></td>
<td>47</td>
<td>com.runner.RunnerClass@1bb266b3</td></tr>
<tr>
<td title='com.runner.RunnerClass.runScenario()'><b>runScenario</b><br>Test class: com.runner.RunnerClass<br>Test method: Runs Cucumber Scenarios<br>Parameters: "Verify the Login with roles", "Login functionality for the Smart Hospital website"</td>
<td></td>
<td>21</td>
<td>com.runner.RunnerClass@1bb266b3</td></tr>
<tr>
<td title='com.runner.RunnerClass.runScenario()'><b>runScenario</b><br>Test class: com.runner.RunnerClass<br>Test method: Runs Cucumber Scenarios<br>Parameters: "Verify the Search of patient", "Search Patient by Name In Smart Hospital"</td>
<td></td>
<td>39</td>
<td>com.runner.RunnerClass@1bb266b3</td></tr>
<tr>
<td title='com.runner.RunnerClass.runScenario()'><b>runScenario</b><br>Test class: com.runner.RunnerClass<br>Test method: Runs Cucumber Scenarios<br>Parameters: "Attempt to login with missing username and password", "Login functionality for the Smart Hospital website"</td>
<td></td>
<td>17</td>
<td>com.runner.RunnerClass@1bb266b3</td></tr>
<tr>
<td title='com.runner.RunnerClass.runScenario()'><b>runScenario</b><br>Test class: com.runner.RunnerClass<br>Test method: Runs Cucumber Scenarios<br>Parameters: "Attempt to login with missing username and password", "Login functionality for the Smart Hospital website"</td>
<td></td>
<td>20</td>
<td>com.runner.RunnerClass@1bb266b3</td></tr>
<tr>
<td title='com.runner.RunnerClass.runScenario()'><b>runScenario</b><br>Test class: com.runner.RunnerClass<br>Test method: Runs Cucumber Scenarios<br>Parameters: "To check with Invalid username for patient", "Login with the Patient Login Credentials"</td>
<td></td>
<td>37</td>
<td>com.runner.RunnerClass@1bb266b3</td></tr>
<tr>
<td title='com.runner.RunnerClass.runScenario()'><b>runScenario</b><br>Test class: com.runner.RunnerClass<br>Test method: Runs Cucumber Scenarios<br>Parameters: "Verify the Login with roles", "Login functionality for the Smart Hospital website"</td>
<td></td>
<td>22</td>
<td>com.runner.RunnerClass@1bb266b3</td></tr>
<tr>
<td title='com.runner.RunnerClass.runScenario()'><b>runScenario</b><br>Test class: com.runner.RunnerClass<br>Test method: Runs Cucumber Scenarios<br>Parameters: "Patient booking with specialist as empty field", "Booking appointment using patient Login"</td>
<td></td>
<td>56</td>
<td>com.runner.RunnerClass@1bb266b3</td></tr>
<tr>
<td title='com.runner.RunnerClass.runScenario()'><b>runScenario</b><br>Test class: com.runner.RunnerClass<br>Test method: Runs Cucumber Scenarios<br>Parameters: "Doctor discharging without providing discharging status", "Discharging the patient"</td>
<td></td>
<td>50</td>
<td>com.runner.RunnerClass@1bb266b3</td></tr>
<tr>
<td title='com.runner.RunnerClass.runScenario()'><b>runScenario</b><br>Test class: com.runner.RunnerClass<br>Test method: Runs Cucumber Scenarios<br>Parameters: "Attempt to login with missing username", "Login functionality for the Smart Hospital website"</td>
<td></td>
<td>27</td>
<td>com.runner.RunnerClass@1bb266b3</td></tr>
<tr>
<td title='com.runner.RunnerClass.runScenario()'><b>runScenario</b><br>Test class: com.runner.RunnerClass<br>Test method: Runs Cucumber Scenarios<br>Parameters: "Attempt to login with missing password", "Login functionality for the Smart Hospital website"</td>
<td></td>
<td>24</td>
<td>com.runner.RunnerClass@1bb266b3</td></tr>
<tr>
<td title='com.runner.RunnerClass.runScenario()'><b>runScenario</b><br>Test class: com.runner.RunnerClass<br>Test method: Runs Cucumber Scenarios<br>Parameters: "Verify the Login with roles", "Login functionality for the Smart Hospital website"</td>
<td></td>
<td>46</td>
<td>com.runner.RunnerClass@1bb266b3</td></tr>
<tr>
<td title='com.runner.RunnerClass.runScenario()'><b>runScenario</b><br>Test class: com.runner.RunnerClass<br>Test method: Runs Cucumber Scenarios<br>Parameters: "Verify the Login with roles", "Login functionality for the Smart Hospital website"</td>
<td></td>
<td>20</td>
<td>com.runner.RunnerClass@1bb266b3</td></tr>
<tr>
<td title='com.runner.RunnerClass.runScenario()'><b>runScenario</b><br>Test class: com.runner.RunnerClass<br>Test method: Runs Cucumber Scenarios<br>Parameters: "Add New Expense with Invalid Data", "Accountant Dashboard Functionalities"</td>
<td></td>
<td>47</td>
<td>com.runner.RunnerClass@1bb266b3</td></tr>
<tr>
<td title='com.runner.RunnerClass.runScenario()'><b>runScenario</b><br>Test class: com.runner.RunnerClass<br>Test method: Runs Cucumber Scenarios<br>Parameters: "To check Login as patient", "Login with the Patient Login Credentials"</td>
<td></td>
<td>36</td>
<td>com.runner.RunnerClass@1bb266b3</td></tr>
<tr>
<td title='com.runner.RunnerClass.runScenario()'><b>runScenario</b><br>Test class: com.runner.RunnerClass<br>Test method: Runs Cucumber Scenarios<br>Parameters: "Attempt to login with missing username", "Login functionality for the Smart Hospital website"</td>
<td></td>
<td>11</td>
<td>com.runner.RunnerClass@1bb266b3</td></tr>
<tr>
<td title='com.runner.RunnerClass.runScenario()'><b>runScenario</b><br>Test class: com.runner.RunnerClass<br>Test method: Runs Cucumber Scenarios<br>Parameters: "Patient booking with date as empty field", "Booking appointment using patient Login"</td>
<td></td>
<td>67</td>
<td>com.runner.RunnerClass@1bb266b3</td></tr>
<tr>
<td title='com.runner.RunnerClass.runScenario()'><b>runScenario</b><br>Test class: com.runner.RunnerClass<br>Test method: Runs Cucumber Scenarios<br>Parameters: "Attempt to login with missing username and password", "Login functionality for the Smart Hospital website"</td>
<td></td>
<td>18</td>
<td>com.runner.RunnerClass@1bb266b3</td></tr>
<tr>
<td title='com.runner.RunnerClass.runScenario()'><b>runScenario</b><br>Test class: com.runner.RunnerClass<br>Test method: Runs Cucumber Scenarios<br>Parameters: "Verify the Search of patient", "Search Patient by Name In Smart Hospital"</td>
<td></td>
<td>39</td>
<td>com.runner.RunnerClass@1bb266b3</td></tr>
<tr>
<td title='com.runner.RunnerClass.runScenario()'><b>runScenario</b><br>Test class: com.runner.RunnerClass<br>Test method: Runs Cucumber Scenarios<br>Parameters: "Verify the Login with roles", "Login functionality for the Smart Hospital website"</td>
<td></td>
<td>21</td>
<td>com.runner.RunnerClass@1bb266b3</td></tr>
</table><p>
</body>
</html>