<html>
<head>
<title>TestNG:  Cucumber Test</title>
<link href="../testng.css" rel="stylesheet" type="text/css" />
<link href="../my-testng.css" rel="stylesheet" type="text/css" />

<style type="text/css">
.log { display: none;} 
.stack-trace { display: none;} 
</style>
<script type="text/javascript">
<!--
function flip(e) {
  current = e.style.display;
  if (current == 'block') {
    e.style.display = 'none';
    return 0;
  }
  else {
    e.style.display = 'block';
    return 1;
  }
}

function toggleBox(szDivId, elem, msg1, msg2)
{
  var res = -1;  if (document.getElementById) {
    res = flip(document.getElementById(szDivId));
  }
  else if (document.all) {
    // this is the way old msie versions work
    res = flip(document.all[szDivId]);
  }
  if(elem) {
    if(res == 0) elem.innerHTML = msg1; else elem.innerHTML = msg2;
  }

}

function toggleAllBoxes() {
  if (document.getElementsByTagName) {
    d = document.getElementsByTagName('div');
    for (i = 0; i < d.length; i++) {
      if (d[i].className == 'log') {
        flip(d[i]);
      }
    }
  }
}

// -->
</script>

</head>
<body>
<h2 align='center'>Cucumber Test</h2><table border='1' align="center">
<tr>
<td>Tests passed/Failed/Skipped:</td><td>20/2/0</td>
</tr><tr>
<td>Started on:</td><td>Fri Apr 11 09:27:22 IST 2025</td>
</tr>
<tr><td>Total time:</td><td>238 seconds (238891 ms)</td>
</tr><tr>
<td>Included groups:</td><td></td>
</tr><tr>
<td>Excluded groups:</td><td></td>
</tr>
</table><p/>
<small><i>(Hover the method name to see the test class name)</i></small><p/>
<table width='100%' border='1' class='invocation-failed'>
<tr><td colspan='4' align='center'><b>FAILED TESTS</b></td></tr>
<tr><td><b>Test method</b></td>
<td><b>Attribute(s)</b></td>
<td width="30%"><b>Exception</b></td>
<td width="10%"><b>Time (seconds)</b></td>
<td><b>Instance</b></td>
</tr>
<tr>
<td title='com.runner.RunnerClass.runScenario()'><b>runScenario</b><br>Test class: com.runner.RunnerClass<br>Test method: Runs Cucumber Scenarios<br>Parameters: "Attempt to login with missing username", "Login functionality for the Smart Hospital website"</td>
<td><div><pre>org.openqa.selenium.TimeoutException: Expected condition failed: waiting for element to be clickable: Proxy element for: DefaultElementLocator &apos;By.xpath: //button[normalize-space()=&apos;Sign In&apos;]&apos; (tried for 10 second(s) with 500 milliseconds interval)
	at org.openqa.selenium.support.ui.WebDriverWait.timeoutException(WebDriverWait.java:84)
	at org.openqa.selenium.support.ui.FluentWait.until(FluentWait.java:228)
	at com.actions.LoginActions.selectRole(LoginActions.java:26)
	at com.definitions.LoginDefinition.the_user_selects_the_role(LoginDefinition.java:18)
	at ✽.the user selects the role &quot;Receptionist&quot;(file:///C:/Users/gayat/git/Smart_Hospital_Cucumber/SmartHospitals_Cucumber/src/test/resources/Features/LoginFeature.feature:21)
Caused by: org.openqa.selenium.NoSuchElementException: no such element: Unable to locate element: {&quot;method&quot;:&quot;xpath&quot;,&quot;selector&quot;:&quot;//button[normalize-space()=&apos;Sign In&apos;]&quot;}
  (Session info: chrome=135.0.7049.85)
For documentation on this error, please visit: https://www.selenium.dev/documentation/webdriver/troubleshooting/errors#no-such-element-exception
Build info: version: &apos;4.30.0&apos;, revision: &apos;509c7f17cc*&apos;
System info: os.name: &apos;Windows 11&apos;, os.arch: &apos;amd64&apos;, os.version: &apos;10.0&apos;, java.version: &apos;21.0.6&apos;
Driver info: org.openqa.selenium.chrome.ChromeDriver
Command: [a2b9fc1b7a828b906d14d3737e41d3ac, findElement {using=xpath, value=//button[normalize-space()=&apos;Sign In&apos;]}]
Capabilities {acceptInsecureCerts: false, browserName: chrome, browserVersion: 135.0.7049.85, chrome: {chromedriverVersion: 135.0.7049.84 (6c019e560019..., userDataDir: C:\Users\gayat\AppData\Loca...}, fedcm:accounts: true, goog:chromeOptions: {debuggerAddress: localhost:51140}, networkConnectionEnabled: false, pageLoadStrategy: normal, platformName: windows, proxy: Proxy(), se:cdp: ws://localhost:51140/devtoo..., se:cdpVersion: 135.0.7049.85, setWindowRect: true, strictFileInteractability: false, timeouts: {implicit: 0, pageLoad: 300000, script: 30000}, unhandledPromptBehavior: dismiss and notify, webauthn:extension:credBlob: true, webauthn:extension:largeBlob: true, webauthn:extension:minPinLength: true, webauthn:extension:prf: true, webauthn:virtualAuthenticators: true}
Session ID: a2b9fc1b7a828b906d14d3737e41d3ac
	at org.openqa.selenium.remote.ErrorCodec.decode(ErrorCodec.java:167)
	at org.openqa.selenium.remote.codec.w3c.W3CHttpResponseCodec.decode(W3CHttpResponseCodec.java:138)
	at org.openqa.selenium.remote.codec.w3c.W3CHttpResponseCodec.decode(W3CHttpResponseCodec.java:50)
	at org.openqa.selenium.remote.HttpCommandExecutor.execute(HttpCommandExecutor.java:215)
	at org.openqa.selenium.remote.service.DriverCommandExecutor.invokeExecute(DriverCommandExecutor.java:216)
	at org.openqa.selenium.remote.service.DriverCommandExecutor.execute(DriverCommandExecutor.java:174)
	at org.openqa.selenium.remote.RemoteWebDriver.execute(RemoteWebDriver.java:545)
	at org.openqa.selenium.remote.ElementLocation$ElementFinder$2.findElement(ElementLocation.java:165)
	at org.openqa.selenium.remote.ElementLocation.findElement(ElementLocation.java:59)
	at org.openqa.selenium.remote.RemoteWebDriver.findElement(RemoteWebDriver.java:368)
	at org.openqa.selenium.remote.RemoteWebDriver.findElement(RemoteWebDriver.java:362)
	at org.openqa.selenium.support.pagefactory.DefaultElementLocator.findElement(DefaultElementLocator.java:68)
	at org.openqa.selenium.support.pagefactory.internal.LocatingElementHandler.invoke(LocatingElementHandler.java:38)
	at jdk.proxy2/jdk.proxy2.$Proxy40.isDisplayed(Unknown Source)
	at org.openqa.selenium.support.ui.ExpectedConditions.elementIfVisible(ExpectedConditions.java:304)
	at org.openqa.selenium.support.ui.ExpectedConditions$10.apply(ExpectedConditions.java:290)
	at org.openqa.selenium.support.ui.ExpectedConditions$10.apply(ExpectedConditions.java:287)
	at org.openqa.selenium.support.ui.ExpectedConditions$23.apply(ExpectedConditions.java:656)
	at org.openqa.selenium.support.ui.ExpectedConditions$23.apply(ExpectedConditions.java:652)
	at org.openqa.selenium.support.ui.FluentWait.until(FluentWait.java:203)
	... 3 more
... Removed 3 stack frames</pre></div><a href='#' onClick='toggleBox("stack-trace1155327591", this, "Click to show all stack frames", "Click to hide stack frames")'>Click to show all stack frames</a>
<div class='stack-trace' id='stack-trace1155327591'><pre>org.openqa.selenium.TimeoutException: Expected condition failed: waiting for element to be clickable: Proxy element for: DefaultElementLocator &apos;By.xpath: //button[normalize-space()=&apos;Sign In&apos;]&apos; (tried for 10 second(s) with 500 milliseconds interval)
	at org.openqa.selenium.support.ui.WebDriverWait.timeoutException(WebDriverWait.java:84)
	at org.openqa.selenium.support.ui.FluentWait.until(FluentWait.java:228)
	at com.actions.LoginActions.selectRole(LoginActions.java:26)
	at com.definitions.LoginDefinition.the_user_selects_the_role(LoginDefinition.java:18)
	at ✽.the user selects the role &quot;Receptionist&quot;(file:///C:/Users/gayat/git/Smart_Hospital_Cucumber/SmartHospitals_Cucumber/src/test/resources/Features/LoginFeature.feature:21)
Caused by: org.openqa.selenium.NoSuchElementException: no such element: Unable to locate element: {&quot;method&quot;:&quot;xpath&quot;,&quot;selector&quot;:&quot;//button[normalize-space()=&apos;Sign In&apos;]&quot;}
  (Session info: chrome=135.0.7049.85)
For documentation on this error, please visit: https://www.selenium.dev/documentation/webdriver/troubleshooting/errors#no-such-element-exception
Build info: version: &apos;4.30.0&apos;, revision: &apos;509c7f17cc*&apos;
System info: os.name: &apos;Windows 11&apos;, os.arch: &apos;amd64&apos;, os.version: &apos;10.0&apos;, java.version: &apos;21.0.6&apos;
Driver info: org.openqa.selenium.chrome.ChromeDriver
Command: [a2b9fc1b7a828b906d14d3737e41d3ac, findElement {using=xpath, value=//button[normalize-space()=&apos;Sign In&apos;]}]
Capabilities {acceptInsecureCerts: false, browserName: chrome, browserVersion: 135.0.7049.85, chrome: {chromedriverVersion: 135.0.7049.84 (6c019e560019..., userDataDir: C:\Users\gayat\AppData\Loca...}, fedcm:accounts: true, goog:chromeOptions: {debuggerAddress: localhost:51140}, networkConnectionEnabled: false, pageLoadStrategy: normal, platformName: windows, proxy: Proxy(), se:cdp: ws://localhost:51140/devtoo..., se:cdpVersion: 135.0.7049.85, setWindowRect: true, strictFileInteractability: false, timeouts: {implicit: 0, pageLoad: 300000, script: 30000}, unhandledPromptBehavior: dismiss and notify, webauthn:extension:credBlob: true, webauthn:extension:largeBlob: true, webauthn:extension:minPinLength: true, webauthn:extension:prf: true, webauthn:virtualAuthenticators: true}
Session ID: a2b9fc1b7a828b906d14d3737e41d3ac
	at java.base/jdk.internal.reflect.DirectConstructorHandleAccessor.newInstance(DirectConstructorHandleAccessor.java:62)
	at java.base/java.lang.reflect.Constructor.newInstanceWithCaller(Constructor.java:502)
	at java.base/java.lang.reflect.Constructor.newInstance(Constructor.java:486)
	at org.openqa.selenium.remote.ErrorCodec.decode(ErrorCodec.java:167)
	at org.openqa.selenium.remote.codec.w3c.W3CHttpResponseCodec.decode(W3CHttpResponseCodec.java:138)
	at org.openqa.selenium.remote.codec.w3c.W3CHttpResponseCodec.decode(W3CHttpResponseCodec.java:50)
	at org.openqa.selenium.remote.HttpCommandExecutor.execute(HttpCommandExecutor.java:215)
	at org.openqa.selenium.remote.service.DriverCommandExecutor.invokeExecute(DriverCommandExecutor.java:216)
	at org.openqa.selenium.remote.service.DriverCommandExecutor.execute(DriverCommandExecutor.java:174)
	at org.openqa.selenium.remote.RemoteWebDriver.execute(RemoteWebDriver.java:545)
	at org.openqa.selenium.remote.ElementLocation$ElementFinder$2.findElement(ElementLocation.java:165)
	at org.openqa.selenium.remote.ElementLocation.findElement(ElementLocation.java:59)
	at org.openqa.selenium.remote.RemoteWebDriver.findElement(RemoteWebDriver.java:368)
	at org.openqa.selenium.remote.RemoteWebDriver.findElement(RemoteWebDriver.java:362)
	at org.openqa.selenium.support.pagefactory.DefaultElementLocator.findElement(DefaultElementLocator.java:68)
	at org.openqa.selenium.support.pagefactory.internal.LocatingElementHandler.invoke(LocatingElementHandler.java:38)
	at jdk.proxy2/jdk.proxy2.$Proxy40.isDisplayed(Unknown Source)
	at org.openqa.selenium.support.ui.ExpectedConditions.elementIfVisible(ExpectedConditions.java:304)
	at org.openqa.selenium.support.ui.ExpectedConditions$10.apply(ExpectedConditions.java:290)
	at org.openqa.selenium.support.ui.ExpectedConditions$10.apply(ExpectedConditions.java:287)
	at org.openqa.selenium.support.ui.ExpectedConditions$23.apply(ExpectedConditions.java:656)
	at org.openqa.selenium.support.ui.ExpectedConditions$23.apply(ExpectedConditions.java:652)
	at org.openqa.selenium.support.ui.FluentWait.until(FluentWait.java:203)
	... 3 more
</pre></div></td>
<td>29</td>
<td>com.runner.RunnerClass@1bb266b3</td></tr>
<tr>
<td title='com.runner.RunnerClass.runScenario()'><b>runScenario</b><br>Test class: com.runner.RunnerClass<br>Test method: Runs Cucumber Scenarios<br>Parameters: "Doctor creates a new appointment for a new patient", "Manage Appointments in Smart Hospital"</td>
<td><div><pre>org.openqa.selenium.StaleElementReferenceException: stale element reference: stale element not found in the current frame
  (Session info: chrome=135.0.7049.85)
For documentation on this error, please visit: https://www.selenium.dev/documentation/webdriver/troubleshooting/errors#stale-element-reference-exception
Build info: version: &apos;4.30.0&apos;, revision: &apos;509c7f17cc*&apos;
System info: os.name: &apos;Windows 11&apos;, os.arch: &apos;amd64&apos;, os.version: &apos;10.0&apos;, java.version: &apos;21.0.6&apos;
Driver info: org.openqa.selenium.chrome.ChromeDriver
Command: [7e831f2841dabec41f2cd80b7f125367, isElementEnabled {id=f.1204C8F0C498CD44840327D7B38D352E.d.31578EF6F418DD71B53BAA94AD4B8CE0.e.309}]
Capabilities {acceptInsecureCerts: false, browserName: chrome, browserVersion: 135.0.7049.85, chrome: {chromedriverVersion: 135.0.7049.84 (6c019e560019..., userDataDir: C:\Users\gayat\AppData\Loca...}, fedcm:accounts: true, goog:chromeOptions: {debuggerAddress: localhost:50519}, networkConnectionEnabled: false, pageLoadStrategy: normal, platformName: windows, proxy: Proxy(), se:cdp: ws://localhost:50519/devtoo..., se:cdpVersion: 135.0.7049.85, setWindowRect: true, strictFileInteractability: false, timeouts: {implicit: 0, pageLoad: 300000, script: 30000}, unhandledPromptBehavior: dismiss and notify, webauthn:extension:credBlob: true, webauthn:extension:largeBlob: true, webauthn:extension:minPinLength: true, webauthn:extension:prf: true, webauthn:virtualAuthenticators: true}
Element: [[[[ChromeDriver: chrome on windows (7e831f2841dabec41f2cd80b7f125367)] -&gt; id: slot]] -&gt; xpath: .//option[normalize-space(.) = &quot;04:00 PM - 07:00 PM&quot;]]
Session ID: 7e831f2841dabec41f2cd80b7f125367
	at org.openqa.selenium.remote.ErrorCodec.decode(ErrorCodec.java:167)
	at org.openqa.selenium.remote.codec.w3c.W3CHttpResponseCodec.decode(W3CHttpResponseCodec.java:138)
	at org.openqa.selenium.remote.codec.w3c.W3CHttpResponseCodec.decode(W3CHttpResponseCodec.java:50)
	at org.openqa.selenium.remote.HttpCommandExecutor.execute(HttpCommandExecutor.java:215)
	at org.openqa.selenium.remote.service.DriverCommandExecutor.invokeExecute(DriverCommandExecutor.java:216)
	at org.openqa.selenium.remote.service.DriverCommandExecutor.execute(DriverCommandExecutor.java:174)
	at org.openqa.selenium.remote.RemoteWebDriver.execute(RemoteWebDriver.java:545)
	at org.openqa.selenium.remote.RemoteWebElement.execute(RemoteWebElement.java:223)
	at org.openqa.selenium.remote.RemoteWebElement.isEnabled(RemoteWebElement.java:181)
	at org.openqa.selenium.support.ui.Select.assertOptionIsEnabled(Select.java:424)
	at org.openqa.selenium.support.ui.Select.setSelected(Select.java:417)
	at org.openqa.selenium.support.ui.Select.selectByVisibleText(Select.java:133)
	at com.actions.DoctorActions.addAppointmentDetails(DoctorActions.java:133)
	at com.definitions.DoctorDefinition.doctor_fills_in_appointment_details(DoctorDefinition.java:46)
	at ✽.Doctor fills in appointment details(file:///C:/Users/gayat/git/Smart_Hospital_Cucumber/SmartHospitals_Cucumber/src/test/resources/Features/DoctorFeature.feature:11)
... Removed 3 stack frames</pre></div><a href='#' onClick='toggleBox("stack-trace1321106162", this, "Click to show all stack frames", "Click to hide stack frames")'>Click to show all stack frames</a>
<div class='stack-trace' id='stack-trace1321106162'><pre>org.openqa.selenium.StaleElementReferenceException: stale element reference: stale element not found in the current frame
  (Session info: chrome=135.0.7049.85)
For documentation on this error, please visit: https://www.selenium.dev/documentation/webdriver/troubleshooting/errors#stale-element-reference-exception
Build info: version: &apos;4.30.0&apos;, revision: &apos;509c7f17cc*&apos;
System info: os.name: &apos;Windows 11&apos;, os.arch: &apos;amd64&apos;, os.version: &apos;10.0&apos;, java.version: &apos;21.0.6&apos;
Driver info: org.openqa.selenium.chrome.ChromeDriver
Command: [7e831f2841dabec41f2cd80b7f125367, isElementEnabled {id=f.1204C8F0C498CD44840327D7B38D352E.d.31578EF6F418DD71B53BAA94AD4B8CE0.e.309}]
Capabilities {acceptInsecureCerts: false, browserName: chrome, browserVersion: 135.0.7049.85, chrome: {chromedriverVersion: 135.0.7049.84 (6c019e560019..., userDataDir: C:\Users\gayat\AppData\Loca...}, fedcm:accounts: true, goog:chromeOptions: {debuggerAddress: localhost:50519}, networkConnectionEnabled: false, pageLoadStrategy: normal, platformName: windows, proxy: Proxy(), se:cdp: ws://localhost:50519/devtoo..., se:cdpVersion: 135.0.7049.85, setWindowRect: true, strictFileInteractability: false, timeouts: {implicit: 0, pageLoad: 300000, script: 30000}, unhandledPromptBehavior: dismiss and notify, webauthn:extension:credBlob: true, webauthn:extension:largeBlob: true, webauthn:extension:minPinLength: true, webauthn:extension:prf: true, webauthn:virtualAuthenticators: true}
Element: [[[[ChromeDriver: chrome on windows (7e831f2841dabec41f2cd80b7f125367)] -&gt; id: slot]] -&gt; xpath: .//option[normalize-space(.) = &quot;04:00 PM - 07:00 PM&quot;]]
Session ID: 7e831f2841dabec41f2cd80b7f125367
	at java.base/jdk.internal.reflect.DirectConstructorHandleAccessor.newInstance(DirectConstructorHandleAccessor.java:62)
	at java.base/java.lang.reflect.Constructor.newInstanceWithCaller(Constructor.java:502)
	at java.base/java.lang.reflect.Constructor.newInstance(Constructor.java:486)
	at org.openqa.selenium.remote.ErrorCodec.decode(ErrorCodec.java:167)
	at org.openqa.selenium.remote.codec.w3c.W3CHttpResponseCodec.decode(W3CHttpResponseCodec.java:138)
	at org.openqa.selenium.remote.codec.w3c.W3CHttpResponseCodec.decode(W3CHttpResponseCodec.java:50)
	at org.openqa.selenium.remote.HttpCommandExecutor.execute(HttpCommandExecutor.java:215)
	at org.openqa.selenium.remote.service.DriverCommandExecutor.invokeExecute(DriverCommandExecutor.java:216)
	at org.openqa.selenium.remote.service.DriverCommandExecutor.execute(DriverCommandExecutor.java:174)
	at org.openqa.selenium.remote.RemoteWebDriver.execute(RemoteWebDriver.java:545)
	at org.openqa.selenium.remote.RemoteWebElement.execute(RemoteWebElement.java:223)
	at org.openqa.selenium.remote.RemoteWebElement.isEnabled(RemoteWebElement.java:181)
	at org.openqa.selenium.support.ui.Select.assertOptionIsEnabled(Select.java:424)
	at org.openqa.selenium.support.ui.Select.setSelected(Select.java:417)
	at org.openqa.selenium.support.ui.Select.selectByVisibleText(Select.java:133)
	at com.actions.DoctorActions.addAppointmentDetails(DoctorActions.java:133)
	at com.definitions.DoctorDefinition.doctor_fills_in_appointment_details(DoctorDefinition.java:46)
	at ✽.Doctor fills in appointment details(file:///C:/Users/gayat/git/Smart_Hospital_Cucumber/SmartHospitals_Cucumber/src/test/resources/Features/DoctorFeature.feature:11)
</pre></div></td>
<td>16</td>
<td>com.runner.RunnerClass@1bb266b3</td></tr>
</table><p>
<table width='100%' border='1' class='invocation-passed'>
<tr><td colspan='4' align='center'><b>PASSED TESTS</b></td></tr>
<tr><td><b>Test method</b></td>
<td><b>Attribute(s)</b></td>
<td width="30%"><b>Exception</b></td>
<td width="10%"><b>Time (seconds)</b></td>
<td><b>Instance</b></td>
</tr>
<tr>
<td title='com.runner.RunnerClass.runScenario()'><b>runScenario</b><br>Test class: com.runner.RunnerClass<br>Test method: Runs Cucumber Scenarios<br>Parameters: "Attempt to login with missing password", "Login functionality for the Smart Hospital website"</td>
<td></td>
<td>5</td>
<td>com.runner.RunnerClass@1bb266b3</td></tr>
<tr>
<td title='com.runner.RunnerClass.runScenario()'><b>runScenario</b><br>Test class: com.runner.RunnerClass<br>Test method: Runs Cucumber Scenarios<br>Parameters: "Doctor tries to add a new patient without entering the name", "Manage Appointments in Smart Hospital"</td>
<td></td>
<td>14</td>
<td>com.runner.RunnerClass@1bb266b3</td></tr>
<tr>
<td title='com.runner.RunnerClass.runScenario()'><b>runScenario</b><br>Test class: com.runner.RunnerClass<br>Test method: Runs Cucumber Scenarios<br>Parameters: "Attempt to login with missing username and password", "Login functionality for the Smart Hospital website"</td>
<td></td>
<td>3</td>
<td>com.runner.RunnerClass@1bb266b3</td></tr>
<tr>
<td title='com.runner.RunnerClass.runScenario()'><b>runScenario</b><br>Test class: com.runner.RunnerClass<br>Test method: Runs Cucumber Scenarios<br>Parameters: "Verify the Login with roles", "Login functionality for the Smart Hospital website"</td>
<td></td>
<td>8</td>
<td>com.runner.RunnerClass@1bb266b3</td></tr>
<tr>
<td title='com.runner.RunnerClass.runScenario()'><b>runScenario</b><br>Test class: com.runner.RunnerClass<br>Test method: Runs Cucumber Scenarios<br>Parameters: "Attempt to login with missing username", "Login functionality for the Smart Hospital website"</td>
<td></td>
<td>3</td>
<td>com.runner.RunnerClass@1bb266b3</td></tr>
<tr>
<td title='com.runner.RunnerClass.runScenario()'><b>runScenario</b><br>Test class: com.runner.RunnerClass<br>Test method: Runs Cucumber Scenarios<br>Parameters: "Attempt to login with missing username and password", "Login functionality for the Smart Hospital website"</td>
<td></td>
<td>3</td>
<td>com.runner.RunnerClass@1bb266b3</td></tr>
<tr>
<td title='com.runner.RunnerClass.runScenario()'><b>runScenario</b><br>Test class: com.runner.RunnerClass<br>Test method: Runs Cucumber Scenarios<br>Parameters: "Attempt to login with missing password", "Login functionality for the Smart Hospital website"</td>
<td></td>
<td>7</td>
<td>com.runner.RunnerClass@1bb266b3</td></tr>
<tr>
<td title='com.runner.RunnerClass.runScenario()'><b>runScenario</b><br>Test class: com.runner.RunnerClass<br>Test method: Runs Cucumber Scenarios<br>Parameters: "Doctor tries to add a new patient without entering the year", "Manage Appointments in Smart Hospital"</td>
<td></td>
<td>16</td>
<td>com.runner.RunnerClass@1bb266b3</td></tr>
<tr>
<td title='com.runner.RunnerClass.runScenario()'><b>runScenario</b><br>Test class: com.runner.RunnerClass<br>Test method: Runs Cucumber Scenarios<br>Parameters: "Verify the Login with roles", "Login functionality for the Smart Hospital website"</td>
<td></td>
<td>6</td>
<td>com.runner.RunnerClass@1bb266b3</td></tr>
<tr>
<td title='com.runner.RunnerClass.runScenario()'><b>runScenario</b><br>Test class: com.runner.RunnerClass<br>Test method: Runs Cucumber Scenarios<br>Parameters: "Verify the Login with roles", "Login functionality for the Smart Hospital website"</td>
<td></td>
<td>6</td>
<td>com.runner.RunnerClass@1bb266b3</td></tr>
<tr>
<td title='com.runner.RunnerClass.runScenario()'><b>runScenario</b><br>Test class: com.runner.RunnerClass<br>Test method: Runs Cucumber Scenarios<br>Parameters: "Verify the Login with roles", "Login functionality for the Smart Hospital website"</td>
<td></td>
<td>7</td>
<td>com.runner.RunnerClass@1bb266b3</td></tr>
<tr>
<td title='com.runner.RunnerClass.runScenario()'><b>runScenario</b><br>Test class: com.runner.RunnerClass<br>Test method: Runs Cucumber Scenarios<br>Parameters: "Attempt to login with missing password", "Login functionality for the Smart Hospital website"</td>
<td></td>
<td>8</td>
<td>com.runner.RunnerClass@1bb266b3</td></tr>
<tr>
<td title='com.runner.RunnerClass.runScenario()'><b>runScenario</b><br>Test class: com.runner.RunnerClass<br>Test method: Runs Cucumber Scenarios<br>Parameters: "Attempt to login with missing username", "Login functionality for the Smart Hospital website"</td>
<td></td>
<td>3</td>
<td>com.runner.RunnerClass@1bb266b3</td></tr>
<tr>
<td title='com.runner.RunnerClass.runScenario()'><b>runScenario</b><br>Test class: com.runner.RunnerClass<br>Test method: Runs Cucumber Scenarios<br>Parameters: "Doctor tries to add a new patient without entering the day", "Manage Appointments in Smart Hospital"</td>
<td></td>
<td>21</td>
<td>com.runner.RunnerClass@1bb266b3</td></tr>
<tr>
<td title='com.runner.RunnerClass.runScenario()'><b>runScenario</b><br>Test class: com.runner.RunnerClass<br>Test method: Runs Cucumber Scenarios<br>Parameters: "Attempt to login with missing username and password", "Login functionality for the Smart Hospital website"</td>
<td></td>
<td>4</td>
<td>com.runner.RunnerClass@1bb266b3</td></tr>
<tr>
<td title='com.runner.RunnerClass.runScenario()'><b>runScenario</b><br>Test class: com.runner.RunnerClass<br>Test method: Runs Cucumber Scenarios<br>Parameters: "Verify the Login with roles", "Login functionality for the Smart Hospital website"</td>
<td></td>
<td>6</td>
<td>com.runner.RunnerClass@1bb266b3</td></tr>
<tr>
<td title='com.runner.RunnerClass.runScenario()'><b>runScenario</b><br>Test class: com.runner.RunnerClass<br>Test method: Runs Cucumber Scenarios<br>Parameters: "Doctor tries to add a new patient without entering the Month", "Manage Appointments in Smart Hospital"</td>
<td></td>
<td>17</td>
<td>com.runner.RunnerClass@1bb266b3</td></tr>
<tr>
<td title='com.runner.RunnerClass.runScenario()'><b>runScenario</b><br>Test class: com.runner.RunnerClass<br>Test method: Runs Cucumber Scenarios<br>Parameters: "To check Login as patient", "Login with the Patient Login Credentials"</td>
<td></td>
<td>19</td>
<td>com.runner.RunnerClass@1bb266b3</td></tr>
<tr>
<td title='com.runner.RunnerClass.runScenario()'><b>runScenario</b><br>Test class: com.runner.RunnerClass<br>Test method: Runs Cucumber Scenarios<br>Parameters: "Verify the Login with roles", "Login functionality for the Smart Hospital website"</td>
<td></td>
<td>8</td>
<td>com.runner.RunnerClass@1bb266b3</td></tr>
<tr>
<td title='com.runner.RunnerClass.runScenario()'><b>runScenario</b><br>Test class: com.runner.RunnerClass<br>Test method: Runs Cucumber Scenarios<br>Parameters: "Doctor tries to create an appointment with an expired time slot", "Manage Appointments in Smart Hospital"</td>
<td></td>
<td>17</td>
<td>com.runner.RunnerClass@1bb266b3</td></tr>
</table><p>
</body>
</html>